[0.071s] DEBUG:colcon:Command line arguments: ['/usr/bin/colcon', 'build', '--symlink-install']
[0.071s] DEBUG:colcon:Parsed command line arguments: Namespace(log_base=None, log_level=None, verb_name='build', build_base='build', install_base='install', merge_install=False, symlink_install=True, test_result_base=None, continue_on_error=False, executor='parallel', parallel_workers=20, event_handlers=None, ignore_user_meta=False, metas=['./colcon.meta'], base_paths=['.'], packages_ignore=None, packages_ignore_regex=None, paths=None, packages_up_to=None, packages_up_to_regex=None, packages_above=None, packages_above_and_dependencies=None, packages_above_depth=None, packages_select_by_dep=None, packages_skip_by_dep=None, packages_skip_up_to=None, packages_select_build_failed=False, packages_skip_build_finished=False, packages_select_test_failures=False, packages_skip_test_passed=False, packages_select=None, packages_skip=None, packages_select_regex=None, packages_skip_regex=None, packages_start=None, packages_end=None, allow_overriding=[], cmake_args=None, cmake_target=None, cmake_target_skip_unavailable=False, cmake_clean_cache=False, cmake_clean_first=False, cmake_force_configure=False, ament_cmake_args=None, catkin_cmake_args=None, catkin_skip_building_tests=False, mixin_files=None, mixin=None, verb_parser=<colcon_mixin.mixin.mixin_argument.MixinArgumentDecorator object at 0x705827995090>, verb_extension=<colcon_core.verb.build.BuildVerb object at 0x705827a9dde0>, main=<bound method BuildVerb.main of <colcon_core.verb.build.BuildVerb object at 0x705827a9dde0>>, mixin_verb=('build',))
[0.095s] Level 1:colcon.colcon_core.package_discovery:discover_packages(colcon_meta) check parameters
[0.095s] Level 1:colcon.colcon_core.package_discovery:discover_packages(recursive) check parameters
[0.095s] Level 1:colcon.colcon_core.package_discovery:discover_packages(ignore) check parameters
[0.095s] Level 1:colcon.colcon_core.package_discovery:discover_packages(path) check parameters
[0.095s] Level 1:colcon.colcon_core.package_discovery:discover_packages(colcon_meta) discover
[0.095s] Level 1:colcon.colcon_core.package_discovery:discover_packages(recursive) discover
[0.095s] INFO:colcon.colcon_core.package_discovery:Crawling recursively for packages in '/home/james/realsense_ws'
[0.095s] Level 1:colcon.colcon_core.package_identification:_identify(.) by extensions ['ignore', 'ignore_ament_install']
[0.095s] Level 1:colcon.colcon_core.package_identification:_identify(.) by extension 'ignore'
[0.095s] Level 1:colcon.colcon_core.package_identification:_identify(.) by extension 'ignore_ament_install'
[0.095s] Level 1:colcon.colcon_core.package_identification:_identify(.) by extensions ['colcon_pkg']
[0.095s] Level 1:colcon.colcon_core.package_identification:_identify(.) by extension 'colcon_pkg'
[0.095s] Level 1:colcon.colcon_core.package_identification:_identify(.) by extensions ['colcon_meta']
[0.095s] Level 1:colcon.colcon_core.package_identification:_identify(.) by extension 'colcon_meta'
[0.095s] Level 1:colcon.colcon_core.package_identification:_identify(.) by extensions ['ros']
[0.095s] Level 1:colcon.colcon_core.package_identification:_identify(.) by extension 'ros'
[0.105s] Level 1:colcon.colcon_core.package_identification:_identify(.) by extensions ['cmake', 'python']
[0.105s] Level 1:colcon.colcon_core.package_identification:_identify(.) by extension 'cmake'
[0.105s] Level 1:colcon.colcon_core.package_identification:_identify(.) by extension 'python'
[0.105s] Level 1:colcon.colcon_core.package_identification:_identify(.) by extensions ['python_setup_py']
[0.105s] Level 1:colcon.colcon_core.package_identification:_identify(.) by extension 'python_setup_py'
[0.105s] Level 1:colcon.colcon_core.package_identification:_identify(build) by extensions ['ignore', 'ignore_ament_install']
[0.105s] Level 1:colcon.colcon_core.package_identification:_identify(build) by extension 'ignore'
[0.105s] Level 1:colcon.colcon_core.package_identification:_identify(build) ignored
[0.106s] Level 1:colcon.colcon_core.package_identification:_identify(install) by extensions ['ignore', 'ignore_ament_install']
[0.106s] Level 1:colcon.colcon_core.package_identification:_identify(install) by extension 'ignore'
[0.106s] Level 1:colcon.colcon_core.package_identification:_identify(install) ignored
[0.106s] Level 1:colcon.colcon_core.package_identification:_identify(log) by extensions ['ignore', 'ignore_ament_install']
[0.106s] Level 1:colcon.colcon_core.package_identification:_identify(log) by extension 'ignore'
[0.106s] Level 1:colcon.colcon_core.package_identification:_identify(log) ignored
[0.106s] Level 1:colcon.colcon_core.package_identification:_identify(src) by extensions ['ignore', 'ignore_ament_install']
[0.106s] Level 1:colcon.colcon_core.package_identification:_identify(src) by extension 'ignore'
[0.106s] Level 1:colcon.colcon_core.package_identification:_identify(src) by extension 'ignore_ament_install'
[0.106s] Level 1:colcon.colcon_core.package_identification:_identify(src) by extensions ['colcon_pkg']
[0.106s] Level 1:colcon.colcon_core.package_identification:_identify(src) by extension 'colcon_pkg'
[0.106s] Level 1:colcon.colcon_core.package_identification:_identify(src) by extensions ['colcon_meta']
[0.106s] Level 1:colcon.colcon_core.package_identification:_identify(src) by extension 'colcon_meta'
[0.106s] Level 1:colcon.colcon_core.package_identification:_identify(src) by extensions ['ros']
[0.106s] Level 1:colcon.colcon_core.package_identification:_identify(src) by extension 'ros'
[0.106s] Level 1:colcon.colcon_core.package_identification:_identify(src) by extensions ['cmake', 'python']
[0.106s] Level 1:colcon.colcon_core.package_identification:_identify(src) by extension 'cmake'
[0.106s] Level 1:colcon.colcon_core.package_identification:_identify(src) by extension 'python'
[0.106s] Level 1:colcon.colcon_core.package_identification:_identify(src) by extensions ['python_setup_py']
[0.106s] Level 1:colcon.colcon_core.package_identification:_identify(src) by extension 'python_setup_py'
[0.106s] Level 1:colcon.colcon_core.package_identification:_identify(src/px4_msgs) by extensions ['ignore', 'ignore_ament_install']
[0.106s] Level 1:colcon.colcon_core.package_identification:_identify(src/px4_msgs) by extension 'ignore'
[0.106s] Level 1:colcon.colcon_core.package_identification:_identify(src/px4_msgs) by extension 'ignore_ament_install'
[0.106s] Level 1:colcon.colcon_core.package_identification:_identify(src/px4_msgs) by extensions ['colcon_pkg']
[0.106s] Level 1:colcon.colcon_core.package_identification:_identify(src/px4_msgs) by extension 'colcon_pkg'
[0.106s] Level 1:colcon.colcon_core.package_identification:_identify(src/px4_msgs) by extensions ['colcon_meta']
[0.106s] Level 1:colcon.colcon_core.package_identification:_identify(src/px4_msgs) by extension 'colcon_meta'
[0.106s] Level 1:colcon.colcon_core.package_identification:_identify(src/px4_msgs) by extensions ['ros']
[0.106s] Level 1:colcon.colcon_core.package_identification:_identify(src/px4_msgs) by extension 'ros'
[0.108s] DEBUG:colcon.colcon_core.package_identification:Package 'src/px4_msgs' with type 'ros.ament_cmake' and name 'px4_msgs'
[0.108s] Level 1:colcon.colcon_core.package_identification:_identify(src/px4_ros_com) by extensions ['ignore', 'ignore_ament_install']
[0.108s] Level 1:colcon.colcon_core.package_identification:_identify(src/px4_ros_com) by extension 'ignore'
[0.108s] Level 1:colcon.colcon_core.package_identification:_identify(src/px4_ros_com) by extension 'ignore_ament_install'
[0.108s] Level 1:colcon.colcon_core.package_identification:_identify(src/px4_ros_com) by extensions ['colcon_pkg']
[0.108s] Level 1:colcon.colcon_core.package_identification:_identify(src/px4_ros_com) by extension 'colcon_pkg'
[0.108s] Level 1:colcon.colcon_core.package_identification:_identify(src/px4_ros_com) by extensions ['colcon_meta']
[0.108s] Level 1:colcon.colcon_core.package_identification:_identify(src/px4_ros_com) by extension 'colcon_meta'
[0.108s] Level 1:colcon.colcon_core.package_identification:_identify(src/px4_ros_com) by extensions ['ros']
[0.108s] Level 1:colcon.colcon_core.package_identification:_identify(src/px4_ros_com) by extension 'ros'
[0.109s] DEBUG:colcon.colcon_core.package_identification:Package 'src/px4_ros_com' with type 'ros.ament_cmake' and name 'px4_ros_com'
[0.109s] Level 1:colcon.colcon_core.package_identification:_identify(src/realsense) by extensions ['ignore', 'ignore_ament_install']
[0.109s] Level 1:colcon.colcon_core.package_identification:_identify(src/realsense) by extension 'ignore'
[0.109s] Level 1:colcon.colcon_core.package_identification:_identify(src/realsense) by extension 'ignore_ament_install'
[0.109s] Level 1:colcon.colcon_core.package_identification:_identify(src/realsense) by extensions ['colcon_pkg']
[0.109s] Level 1:colcon.colcon_core.package_identification:_identify(src/realsense) by extension 'colcon_pkg'
[0.109s] Level 1:colcon.colcon_core.package_identification:_identify(src/realsense) by extensions ['colcon_meta']
[0.109s] Level 1:colcon.colcon_core.package_identification:_identify(src/realsense) by extension 'colcon_meta'
[0.109s] Level 1:colcon.colcon_core.package_identification:_identify(src/realsense) by extensions ['ros']
[0.109s] Level 1:colcon.colcon_core.package_identification:_identify(src/realsense) by extension 'ros'
[0.110s] DEBUG:colcon.colcon_core.package_identification:Package 'src/realsense' with type 'ros.ament_python' and name 'realsense'
[0.110s] Level 1:colcon.colcon_core.package_identification:_identify(src/teraranger_evo) by extensions ['ignore', 'ignore_ament_install']
[0.110s] Level 1:colcon.colcon_core.package_identification:_identify(src/teraranger_evo) by extension 'ignore'
[0.110s] Level 1:colcon.colcon_core.package_identification:_identify(src/teraranger_evo) by extension 'ignore_ament_install'
[0.110s] Level 1:colcon.colcon_core.package_identification:_identify(src/teraranger_evo) by extensions ['colcon_pkg']
[0.110s] Level 1:colcon.colcon_core.package_identification:_identify(src/teraranger_evo) by extension 'colcon_pkg'
[0.110s] Level 1:colcon.colcon_core.package_identification:_identify(src/teraranger_evo) by extensions ['colcon_meta']
[0.110s] Level 1:colcon.colcon_core.package_identification:_identify(src/teraranger_evo) by extension 'colcon_meta'
[0.110s] Level 1:colcon.colcon_core.package_identification:_identify(src/teraranger_evo) by extensions ['ros']
[0.110s] Level 1:colcon.colcon_core.package_identification:_identify(src/teraranger_evo) by extension 'ros'
[0.111s] DEBUG:colcon.colcon_core.package_identification:Package 'src/teraranger_evo' with type 'ros.ament_python' and name 'teraranger_evo'
[0.111s] Level 1:colcon.colcon_core.package_identification:_identify(src/yolov8_msgs) by extensions ['ignore', 'ignore_ament_install']
[0.111s] Level 1:colcon.colcon_core.package_identification:_identify(src/yolov8_msgs) by extension 'ignore'
[0.111s] Level 1:colcon.colcon_core.package_identification:_identify(src/yolov8_msgs) by extension 'ignore_ament_install'
[0.111s] Level 1:colcon.colcon_core.package_identification:_identify(src/yolov8_msgs) by extensions ['colcon_pkg']
[0.111s] Level 1:colcon.colcon_core.package_identification:_identify(src/yolov8_msgs) by extension 'colcon_pkg'
[0.111s] Level 1:colcon.colcon_core.package_identification:_identify(src/yolov8_msgs) by extensions ['colcon_meta']
[0.111s] Level 1:colcon.colcon_core.package_identification:_identify(src/yolov8_msgs) by extension 'colcon_meta'
[0.111s] Level 1:colcon.colcon_core.package_identification:_identify(src/yolov8_msgs) by extensions ['ros']
[0.111s] Level 1:colcon.colcon_core.package_identification:_identify(src/yolov8_msgs) by extension 'ros'
[0.111s] DEBUG:colcon.colcon_core.package_identification:Package 'src/yolov8_msgs' with type 'ros.ament_cmake' and name 'yolov8_msgs'
[0.111s] Level 1:colcon.colcon_core.package_discovery:discover_packages(recursive) using defaults
[0.111s] Level 1:colcon.colcon_core.package_discovery:discover_packages(ignore) discover
[0.111s] Level 1:colcon.colcon_core.package_discovery:discover_packages(ignore) using defaults
[0.111s] Level 1:colcon.colcon_core.package_discovery:discover_packages(path) discover
[0.111s] Level 1:colcon.colcon_core.package_discovery:discover_packages(path) using defaults
[0.125s] Level 1:colcon.colcon_core.package_discovery:discover_packages(prefix_path) check parameters
[0.125s] Level 1:colcon.colcon_core.package_discovery:discover_packages(prefix_path) discover
[0.126s] DEBUG:colcon.colcon_installed_package_information.package_discovery:Found 5 installed packages in /home/james/realsense_ws/install
[0.127s] DEBUG:colcon.colcon_installed_package_information.package_discovery:Found 403 installed packages in /opt/ros/humble
[0.128s] Level 1:colcon.colcon_core.package_discovery:discover_packages(prefix_path) using defaults
[0.158s] Level 5:colcon.colcon_core.verb:set package 'px4_msgs' build argument 'cmake_args' from command line to 'None'
[0.158s] Level 5:colcon.colcon_core.verb:set package 'px4_msgs' build argument 'cmake_target' from command line to 'None'
[0.158s] Level 5:colcon.colcon_core.verb:set package 'px4_msgs' build argument 'cmake_target_skip_unavailable' from command line to 'False'
[0.158s] Level 5:colcon.colcon_core.verb:set package 'px4_msgs' build argument 'cmake_clean_cache' from command line to 'False'
[0.158s] Level 5:colcon.colcon_core.verb:set package 'px4_msgs' build argument 'cmake_clean_first' from command line to 'False'
[0.158s] Level 5:colcon.colcon_core.verb:set package 'px4_msgs' build argument 'cmake_force_configure' from command line to 'False'
[0.158s] Level 5:colcon.colcon_core.verb:set package 'px4_msgs' build argument 'ament_cmake_args' from command line to 'None'
[0.158s] Level 5:colcon.colcon_core.verb:set package 'px4_msgs' build argument 'catkin_cmake_args' from command line to 'None'
[0.158s] Level 5:colcon.colcon_core.verb:set package 'px4_msgs' build argument 'catkin_skip_building_tests' from command line to 'False'
[0.158s] DEBUG:colcon.colcon_core.verb:Building package 'px4_msgs' with the following arguments: {'ament_cmake_args': None, 'build_base': '/home/james/realsense_ws/build/px4_msgs', 'catkin_cmake_args': None, 'catkin_skip_building_tests': False, 'cmake_args': None, 'cmake_clean_cache': False, 'cmake_clean_first': False, 'cmake_force_configure': False, 'cmake_target': None, 'cmake_target_skip_unavailable': False, 'install_base': '/home/james/realsense_ws/install/px4_msgs', 'merge_install': False, 'path': '/home/james/realsense_ws/src/px4_msgs', 'symlink_install': True, 'test_result_base': None}
[0.158s] Level 5:colcon.colcon_core.verb:set package 'realsense' build argument 'cmake_args' from command line to 'None'
[0.158s] Level 5:colcon.colcon_core.verb:set package 'realsense' build argument 'cmake_target' from command line to 'None'
[0.158s] Level 5:colcon.colcon_core.verb:set package 'realsense' build argument 'cmake_target_skip_unavailable' from command line to 'False'
[0.158s] Level 5:colcon.colcon_core.verb:set package 'realsense' build argument 'cmake_clean_cache' from command line to 'False'
[0.158s] Level 5:colcon.colcon_core.verb:set package 'realsense' build argument 'cmake_clean_first' from command line to 'False'
[0.158s] Level 5:colcon.colcon_core.verb:set package 'realsense' build argument 'cmake_force_configure' from command line to 'False'
[0.158s] Level 5:colcon.colcon_core.verb:set package 'realsense' build argument 'ament_cmake_args' from command line to 'None'
[0.158s] Level 5:colcon.colcon_core.verb:set package 'realsense' build argument 'catkin_cmake_args' from command line to 'None'
[0.158s] Level 5:colcon.colcon_core.verb:set package 'realsense' build argument 'catkin_skip_building_tests' from command line to 'False'
[0.158s] DEBUG:colcon.colcon_core.verb:Building package 'realsense' with the following arguments: {'ament_cmake_args': None, 'build_base': '/home/james/realsense_ws/build/realsense', 'catkin_cmake_args': None, 'catkin_skip_building_tests': False, 'cmake_args': None, 'cmake_clean_cache': False, 'cmake_clean_first': False, 'cmake_force_configure': False, 'cmake_target': None, 'cmake_target_skip_unavailable': False, 'install_base': '/home/james/realsense_ws/install/realsense', 'merge_install': False, 'path': '/home/james/realsense_ws/src/realsense', 'symlink_install': True, 'test_result_base': None}
[0.158s] Level 5:colcon.colcon_core.verb:set package 'teraranger_evo' build argument 'cmake_args' from command line to 'None'
[0.158s] Level 5:colcon.colcon_core.verb:set package 'teraranger_evo' build argument 'cmake_target' from command line to 'None'
[0.158s] Level 5:colcon.colcon_core.verb:set package 'teraranger_evo' build argument 'cmake_target_skip_unavailable' from command line to 'False'
[0.159s] Level 5:colcon.colcon_core.verb:set package 'teraranger_evo' build argument 'cmake_clean_cache' from command line to 'False'
[0.159s] Level 5:colcon.colcon_core.verb:set package 'teraranger_evo' build argument 'cmake_clean_first' from command line to 'False'
[0.159s] Level 5:colcon.colcon_core.verb:set package 'teraranger_evo' build argument 'cmake_force_configure' from command line to 'False'
[0.159s] Level 5:colcon.colcon_core.verb:set package 'teraranger_evo' build argument 'ament_cmake_args' from command line to 'None'
[0.159s] Level 5:colcon.colcon_core.verb:set package 'teraranger_evo' build argument 'catkin_cmake_args' from command line to 'None'
[0.159s] Level 5:colcon.colcon_core.verb:set package 'teraranger_evo' build argument 'catkin_skip_building_tests' from command line to 'False'
[0.159s] DEBUG:colcon.colcon_core.verb:Building package 'teraranger_evo' with the following arguments: {'ament_cmake_args': None, 'build_base': '/home/james/realsense_ws/build/teraranger_evo', 'catkin_cmake_args': None, 'catkin_skip_building_tests': False, 'cmake_args': None, 'cmake_clean_cache': False, 'cmake_clean_first': False, 'cmake_force_configure': False, 'cmake_target': None, 'cmake_target_skip_unavailable': False, 'install_base': '/home/james/realsense_ws/install/teraranger_evo', 'merge_install': False, 'path': '/home/james/realsense_ws/src/teraranger_evo', 'symlink_install': True, 'test_result_base': None}
[0.159s] Level 5:colcon.colcon_core.verb:set package 'yolov8_msgs' build argument 'cmake_args' from command line to 'None'
[0.159s] Level 5:colcon.colcon_core.verb:set package 'yolov8_msgs' build argument 'cmake_target' from command line to 'None'
[0.159s] Level 5:colcon.colcon_core.verb:set package 'yolov8_msgs' build argument 'cmake_target_skip_unavailable' from command line to 'False'
[0.159s] Level 5:colcon.colcon_core.verb:set package 'yolov8_msgs' build argument 'cmake_clean_cache' from command line to 'False'
[0.159s] Level 5:colcon.colcon_core.verb:set package 'yolov8_msgs' build argument 'cmake_clean_first' from command line to 'False'
[0.159s] Level 5:colcon.colcon_core.verb:set package 'yolov8_msgs' build argument 'cmake_force_configure' from command line to 'False'
[0.159s] Level 5:colcon.colcon_core.verb:set package 'yolov8_msgs' build argument 'ament_cmake_args' from command line to 'None'
[0.159s] Level 5:colcon.colcon_core.verb:set package 'yolov8_msgs' build argument 'catkin_cmake_args' from command line to 'None'
[0.159s] Level 5:colcon.colcon_core.verb:set package 'yolov8_msgs' build argument 'catkin_skip_building_tests' from command line to 'False'
[0.159s] DEBUG:colcon.colcon_core.verb:Building package 'yolov8_msgs' with the following arguments: {'ament_cmake_args': None, 'build_base': '/home/james/realsense_ws/build/yolov8_msgs', 'catkin_cmake_args': None, 'catkin_skip_building_tests': False, 'cmake_args': None, 'cmake_clean_cache': False, 'cmake_clean_first': False, 'cmake_force_configure': False, 'cmake_target': None, 'cmake_target_skip_unavailable': False, 'install_base': '/home/james/realsense_ws/install/yolov8_msgs', 'merge_install': False, 'path': '/home/james/realsense_ws/src/yolov8_msgs', 'symlink_install': True, 'test_result_base': None}
[0.159s] Level 5:colcon.colcon_core.verb:set package 'px4_ros_com' build argument 'cmake_args' from command line to 'None'
[0.159s] Level 5:colcon.colcon_core.verb:set package 'px4_ros_com' build argument 'cmake_target' from command line to 'None'
[0.159s] Level 5:colcon.colcon_core.verb:set package 'px4_ros_com' build argument 'cmake_target_skip_unavailable' from command line to 'False'
[0.159s] Level 5:colcon.colcon_core.verb:set package 'px4_ros_com' build argument 'cmake_clean_cache' from command line to 'False'
[0.159s] Level 5:colcon.colcon_core.verb:set package 'px4_ros_com' build argument 'cmake_clean_first' from command line to 'False'
[0.159s] Level 5:colcon.colcon_core.verb:set package 'px4_ros_com' build argument 'cmake_force_configure' from command line to 'False'
[0.159s] Level 5:colcon.colcon_core.verb:set package 'px4_ros_com' build argument 'ament_cmake_args' from command line to 'None'
[0.159s] Level 5:colcon.colcon_core.verb:set package 'px4_ros_com' build argument 'catkin_cmake_args' from command line to 'None'
[0.159s] Level 5:colcon.colcon_core.verb:set package 'px4_ros_com' build argument 'catkin_skip_building_tests' from command line to 'False'
[0.159s] DEBUG:colcon.colcon_core.verb:Building package 'px4_ros_com' with the following arguments: {'ament_cmake_args': None, 'build_base': '/home/james/realsense_ws/build/px4_ros_com', 'catkin_cmake_args': None, 'catkin_skip_building_tests': False, 'cmake_args': None, 'cmake_clean_cache': False, 'cmake_clean_first': False, 'cmake_force_configure': False, 'cmake_target': None, 'cmake_target_skip_unavailable': False, 'install_base': '/home/james/realsense_ws/install/px4_ros_com', 'merge_install': False, 'path': '/home/james/realsense_ws/src/px4_ros_com', 'symlink_install': True, 'test_result_base': None}
[0.159s] INFO:colcon.colcon_core.executor:Executing jobs using 'parallel' executor
[0.160s] DEBUG:colcon.colcon_parallel_executor.executor.parallel:run_until_complete
[0.160s] INFO:colcon.colcon_ros.task.ament_cmake.build:Building ROS package in '/home/james/realsense_ws/src/px4_msgs' with build type 'ament_cmake'
[0.160s] INFO:colcon.colcon_cmake.task.cmake.build:Building CMake package in '/home/james/realsense_ws/src/px4_msgs'
[0.162s] INFO:colcon.colcon_core.plugin_system:Skipping extension 'colcon_core.shell.bat': Not used on non-Windows systems
[0.162s] INFO:colcon.colcon_core.shell:Skip shell extension 'powershell' for command environment: Not usable outside of PowerShell
[0.162s] DEBUG:colcon.colcon_core.shell:Skip shell extension 'dsv' for command environment
[0.165s] INFO:colcon.colcon_ros.task.ament_python.build:Building ROS package in '/home/james/realsense_ws/src/realsense' with build type 'ament_python'
[0.165s] Level 1:colcon.colcon_core.shell:create_environment_hook('realsense', 'ament_prefix_path')
[0.165s] INFO:colcon.colcon_core.shell:Creating environment hook '/home/james/realsense_ws/install/realsense/share/realsense/hook/ament_prefix_path.ps1'
[0.165s] INFO:colcon.colcon_core.shell:Creating environment descriptor '/home/james/realsense_ws/install/realsense/share/realsense/hook/ament_prefix_path.dsv'
[0.165s] INFO:colcon.colcon_core.shell:Creating environment hook '/home/james/realsense_ws/install/realsense/share/realsense/hook/ament_prefix_path.sh'
[0.166s] INFO:colcon.colcon_core.shell:Skip shell extension 'powershell' for command environment: Not usable outside of PowerShell
[0.166s] DEBUG:colcon.colcon_core.shell:Skip shell extension 'dsv' for command environment
[0.168s] INFO:colcon.colcon_ros.task.ament_python.build:Building ROS package in '/home/james/realsense_ws/src/teraranger_evo' with build type 'ament_python'
[0.168s] Level 1:colcon.colcon_core.shell:create_environment_hook('teraranger_evo', 'ament_prefix_path')
[0.168s] INFO:colcon.colcon_core.shell:Creating environment hook '/home/james/realsense_ws/install/teraranger_evo/share/teraranger_evo/hook/ament_prefix_path.ps1'
[0.169s] INFO:colcon.colcon_core.shell:Creating environment descriptor '/home/james/realsense_ws/install/teraranger_evo/share/teraranger_evo/hook/ament_prefix_path.dsv'
[0.169s] INFO:colcon.colcon_core.shell:Creating environment hook '/home/james/realsense_ws/install/teraranger_evo/share/teraranger_evo/hook/ament_prefix_path.sh'
[0.169s] INFO:colcon.colcon_core.shell:Skip shell extension 'powershell' for command environment: Not usable outside of PowerShell
[0.169s] DEBUG:colcon.colcon_core.shell:Skip shell extension 'dsv' for command environment
[0.171s] INFO:colcon.colcon_ros.task.ament_cmake.build:Building ROS package in '/home/james/realsense_ws/src/yolov8_msgs' with build type 'ament_cmake'
[0.172s] INFO:colcon.colcon_cmake.task.cmake.build:Building CMake package in '/home/james/realsense_ws/src/yolov8_msgs'
[0.172s] INFO:colcon.colcon_core.shell:Skip shell extension 'powershell' for command environment: Not usable outside of PowerShell
[0.172s] DEBUG:colcon.colcon_core.shell:Skip shell extension 'dsv' for command environment
[0.179s] DEBUG:colcon.colcon_core.event_handler.log_command:Invoking command in '/home/james/realsense_ws/build/px4_msgs': CMAKE_PREFIX_PATH=${CMAKE_PREFIX_PATH}:/home/james/realsense_ws/install/teraranger_evo:/home/james/realsense_ws/install/realsense:/opt/ros/humble /usr/bin/cmake --build /home/james/realsense_ws/build/px4_msgs -- -j20 -l20
[0.320s] INFO:colcon.colcon_core.task.python.build:Building Python package in '/home/james/realsense_ws/src/realsense'
[0.320s] INFO:colcon.colcon_core.shell:Skip shell extension 'powershell' for command environment: Not usable outside of PowerShell
[0.320s] DEBUG:colcon.colcon_core.shell:Skip shell extension 'dsv' for command environment
[0.483s] INFO:colcon.colcon_core.task.python.build:Building Python package in '/home/james/realsense_ws/src/teraranger_evo'
[0.484s] INFO:colcon.colcon_core.shell:Skip shell extension 'powershell' for command environment: Not usable outside of PowerShell
[0.484s] DEBUG:colcon.colcon_core.shell:Skip shell extension 'dsv' for command environment
[0.494s] DEBUG:colcon.colcon_core.event_handler.log_command:Invoking command in '/home/james/realsense_ws/build/yolov8_msgs': CMAKE_PREFIX_PATH=${CMAKE_PREFIX_PATH}:/home/james/realsense_ws/install/teraranger_evo:/home/james/realsense_ws/install/realsense:/opt/ros/humble /usr/bin/cmake --build /home/james/realsense_ws/build/yolov8_msgs -- -j20 -l20
[0.844s] DEBUG:colcon.colcon_core.event_handler.log_command:Invoked command in '/home/james/realsense_ws/build/yolov8_msgs' returned '0': CMAKE_PREFIX_PATH=${CMAKE_PREFIX_PATH}:/home/james/realsense_ws/install/teraranger_evo:/home/james/realsense_ws/install/realsense:/opt/ros/humble /usr/bin/cmake --build /home/james/realsense_ws/build/yolov8_msgs -- -j20 -l20
[0.906s] DEBUG:colcon.colcon_core.event_handler.log_command:Invoked command in '/home/james/realsense_ws/build/px4_msgs' returned '0': CMAKE_PREFIX_PATH=${CMAKE_PREFIX_PATH}:/home/james/realsense_ws/install/teraranger_evo:/home/james/realsense_ws/install/realsense:/opt/ros/humble /usr/bin/cmake --build /home/james/realsense_ws/build/px4_msgs -- -j20 -l20
[0.919s] DEBUG:colcon.colcon_core.event_handler.log_command:Invoking command in '/home/james/realsense_ws/build/teraranger_evo': PYTHONPATH=/home/james/realsense_ws/build/teraranger_evo/prefix_override:/usr/lib/python3/dist-packages/colcon_core/task/python/colcon_distutils_commands:/home/james/realsense_ws/install/teraranger_evo/lib/python3.10/site-packages:${PYTHONPATH} /usr/bin/python3 -W ignore:setup.py install is deprecated setup.py develop --editable --build-directory /home/james/realsense_ws/build/teraranger_evo/build --no-deps symlink_data
[0.927s] DEBUG:colcon.colcon_core.event_handler.log_command:Invoking command in '/home/james/realsense_ws/build/yolov8_msgs': CMAKE_PREFIX_PATH=${CMAKE_PREFIX_PATH}:/home/james/realsense_ws/install/teraranger_evo:/home/james/realsense_ws/install/realsense:/opt/ros/humble /usr/bin/cmake --install /home/james/realsense_ws/build/yolov8_msgs
[0.978s] Level 1:colcon.colcon_core.environment:create_environment_scripts_only(yolov8_msgs)
[0.979s] DEBUG:colcon.colcon_core.event_handler.log_command:Invoked command in '/home/james/realsense_ws/build/yolov8_msgs' returned '0': CMAKE_PREFIX_PATH=${CMAKE_PREFIX_PATH}:/home/james/realsense_ws/install/teraranger_evo:/home/james/realsense_ws/install/realsense:/opt/ros/humble /usr/bin/cmake --install /home/james/realsense_ws/build/yolov8_msgs
[0.980s] Level 1:colcon.colcon_core.environment:checking '/home/james/realsense_ws/install/yolov8_msgs' for CMake module files
[0.980s] Level 1:colcon.colcon_core.environment:checking '/home/james/realsense_ws/install/yolov8_msgs' for CMake config files
[0.981s] Level 1:colcon.colcon_core.shell:create_environment_hook('yolov8_msgs', 'cmake_prefix_path')
[0.981s] INFO:colcon.colcon_core.shell:Creating environment hook '/home/james/realsense_ws/install/yolov8_msgs/share/yolov8_msgs/hook/cmake_prefix_path.ps1'
[0.981s] INFO:colcon.colcon_core.shell:Creating environment descriptor '/home/james/realsense_ws/install/yolov8_msgs/share/yolov8_msgs/hook/cmake_prefix_path.dsv'
[0.982s] INFO:colcon.colcon_core.shell:Creating environment hook '/home/james/realsense_ws/install/yolov8_msgs/share/yolov8_msgs/hook/cmake_prefix_path.sh'
[0.982s] Level 1:colcon.colcon_core.environment:checking '/home/james/realsense_ws/install/yolov8_msgs/lib'
[0.982s] Level 1:colcon.colcon_core.shell:create_environment_hook('yolov8_msgs', 'ld_library_path_lib')
[0.982s] INFO:colcon.colcon_core.shell:Creating environment hook '/home/james/realsense_ws/install/yolov8_msgs/share/yolov8_msgs/hook/ld_library_path_lib.ps1'
[0.983s] INFO:colcon.colcon_core.shell:Creating environment descriptor '/home/james/realsense_ws/install/yolov8_msgs/share/yolov8_msgs/hook/ld_library_path_lib.dsv'
[0.983s] INFO:colcon.colcon_core.shell:Creating environment hook '/home/james/realsense_ws/install/yolov8_msgs/share/yolov8_msgs/hook/ld_library_path_lib.sh'
[0.983s] Level 1:colcon.colcon_core.environment:checking '/home/james/realsense_ws/install/yolov8_msgs/bin'
[0.984s] Level 1:colcon.colcon_core.environment:checking '/home/james/realsense_ws/install/yolov8_msgs/lib/pkgconfig/yolov8_msgs.pc'
[0.984s] Level 1:colcon.colcon_core.environment:checking '/home/james/realsense_ws/install/yolov8_msgs/lib/python3.10/site-packages'
[0.984s] Level 1:colcon.colcon_core.environment:checking '/home/james/realsense_ws/install/yolov8_msgs/bin'
[0.984s] INFO:colcon.colcon_core.shell:Creating package script '/home/james/realsense_ws/install/yolov8_msgs/share/yolov8_msgs/package.ps1'
[0.985s] INFO:colcon.colcon_core.shell:Creating package descriptor '/home/james/realsense_ws/install/yolov8_msgs/share/yolov8_msgs/package.dsv'
[0.985s] INFO:colcon.colcon_core.shell:Creating package script '/home/james/realsense_ws/install/yolov8_msgs/share/yolov8_msgs/package.sh'
[0.985s] INFO:colcon.colcon_core.shell:Creating package script '/home/james/realsense_ws/install/yolov8_msgs/share/yolov8_msgs/package.bash'
[0.986s] INFO:colcon.colcon_core.shell:Creating package script '/home/james/realsense_ws/install/yolov8_msgs/share/yolov8_msgs/package.zsh'
[0.986s] Level 1:colcon.colcon_core.environment:create_file_with_runtime_dependencies(/home/james/realsense_ws/install/yolov8_msgs/share/colcon-core/packages/yolov8_msgs)
[0.997s] DEBUG:colcon.colcon_core.event_handler.log_command:Invoking command in '/home/james/realsense_ws/build/realsense': PYTHONPATH=/home/james/realsense_ws/build/realsense/prefix_override:/usr/lib/python3/dist-packages/colcon_core/task/python/colcon_distutils_commands:/home/james/realsense_ws/install/realsense/lib/python3.10/site-packages:${PYTHONPATH} /usr/bin/python3 -W ignore:setup.py install is deprecated setup.py develop --editable --build-directory /home/james/realsense_ws/build/realsense/build --no-deps symlink_data
[1.065s] Level 1:colcon.colcon_core.environment:create_environment_scripts_only(yolov8_msgs)
[1.065s] Level 1:colcon.colcon_core.environment:checking '/home/james/realsense_ws/install/yolov8_msgs' for CMake module files
[1.066s] Level 1:colcon.colcon_core.environment:checking '/home/james/realsense_ws/install/yolov8_msgs' for CMake config files
[1.066s] Level 1:colcon.colcon_core.shell:create_environment_hook('yolov8_msgs', 'cmake_prefix_path')
[1.066s] INFO:colcon.colcon_core.shell:Creating environment hook '/home/james/realsense_ws/install/yolov8_msgs/share/yolov8_msgs/hook/cmake_prefix_path.ps1'
[1.067s] INFO:colcon.colcon_core.shell:Creating environment descriptor '/home/james/realsense_ws/install/yolov8_msgs/share/yolov8_msgs/hook/cmake_prefix_path.dsv'
[1.067s] INFO:colcon.colcon_core.shell:Creating environment hook '/home/james/realsense_ws/install/yolov8_msgs/share/yolov8_msgs/hook/cmake_prefix_path.sh'
[1.067s] Level 1:colcon.colcon_core.environment:checking '/home/james/realsense_ws/install/yolov8_msgs/lib'
[1.067s] Level 1:colcon.colcon_core.shell:create_environment_hook('yolov8_msgs', 'ld_library_path_lib')
[1.067s] INFO:colcon.colcon_core.shell:Creating environment hook '/home/james/realsense_ws/install/yolov8_msgs/share/yolov8_msgs/hook/ld_library_path_lib.ps1'
[1.068s] INFO:colcon.colcon_core.shell:Creating environment descriptor '/home/james/realsense_ws/install/yolov8_msgs/share/yolov8_msgs/hook/ld_library_path_lib.dsv'
[1.068s] INFO:colcon.colcon_core.shell:Creating environment hook '/home/james/realsense_ws/install/yolov8_msgs/share/yolov8_msgs/hook/ld_library_path_lib.sh'
[1.068s] Level 1:colcon.colcon_core.environment:checking '/home/james/realsense_ws/install/yolov8_msgs/bin'
[1.068s] Level 1:colcon.colcon_core.environment:checking '/home/james/realsense_ws/install/yolov8_msgs/lib/pkgconfig/yolov8_msgs.pc'
[1.068s] Level 1:colcon.colcon_core.environment:checking '/home/james/realsense_ws/install/yolov8_msgs/lib/python3.10/site-packages'
[1.068s] Level 1:colcon.colcon_core.environment:checking '/home/james/realsense_ws/install/yolov8_msgs/bin'
[1.069s] INFO:colcon.colcon_core.shell:Creating package script '/home/james/realsense_ws/install/yolov8_msgs/share/yolov8_msgs/package.ps1'
[1.069s] INFO:colcon.colcon_core.shell:Creating package descriptor '/home/james/realsense_ws/install/yolov8_msgs/share/yolov8_msgs/package.dsv'
[1.069s] INFO:colcon.colcon_core.shell:Creating package script '/home/james/realsense_ws/install/yolov8_msgs/share/yolov8_msgs/package.sh'
[1.070s] INFO:colcon.colcon_core.shell:Creating package script '/home/james/realsense_ws/install/yolov8_msgs/share/yolov8_msgs/package.bash'
[1.070s] INFO:colcon.colcon_core.shell:Creating package script '/home/james/realsense_ws/install/yolov8_msgs/share/yolov8_msgs/package.zsh'
[1.070s] Level 1:colcon.colcon_core.environment:create_file_with_runtime_dependencies(/home/james/realsense_ws/install/yolov8_msgs/share/colcon-core/packages/yolov8_msgs)
[1.406s] Level 1:colcon.colcon_core.shell:create_environment_hook('teraranger_evo', 'pythonpath_develop')
[1.406s] INFO:colcon.colcon_core.shell:Creating environment hook '/home/james/realsense_ws/build/teraranger_evo/share/teraranger_evo/hook/pythonpath_develop.ps1'
[1.407s] DEBUG:colcon.colcon_core.event_handler.log_command:Invoked command in '/home/james/realsense_ws/build/teraranger_evo' returned '0': PYTHONPATH=/home/james/realsense_ws/build/teraranger_evo/prefix_override:/usr/lib/python3/dist-packages/colcon_core/task/python/colcon_distutils_commands:/home/james/realsense_ws/install/teraranger_evo/lib/python3.10/site-packages:${PYTHONPATH} /usr/bin/python3 -W ignore:setup.py install is deprecated setup.py develop --editable --build-directory /home/james/realsense_ws/build/teraranger_evo/build --no-deps symlink_data
[1.407s] INFO:colcon.colcon_core.shell:Creating environment descriptor '/home/james/realsense_ws/build/teraranger_evo/share/teraranger_evo/hook/pythonpath_develop.dsv'
[1.408s] INFO:colcon.colcon_core.shell:Creating environment hook '/home/james/realsense_ws/build/teraranger_evo/share/teraranger_evo/hook/pythonpath_develop.sh'
[1.408s] Level 1:colcon.colcon_core.environment:checking '/home/james/realsense_ws/install/teraranger_evo' for CMake module files
[1.409s] Level 1:colcon.colcon_core.environment:checking '/home/james/realsense_ws/install/teraranger_evo' for CMake config files
[1.410s] Level 1:colcon.colcon_core.environment:checking '/home/james/realsense_ws/install/teraranger_evo/lib'
[1.410s] Level 1:colcon.colcon_core.environment:checking '/home/james/realsense_ws/install/teraranger_evo/bin'
[1.410s] Level 1:colcon.colcon_core.environment:checking '/home/james/realsense_ws/install/teraranger_evo/lib/pkgconfig/teraranger_evo.pc'
[1.410s] Level 1:colcon.colcon_core.environment:checking '/home/james/realsense_ws/install/teraranger_evo/lib/python3.10/site-packages'
[1.410s] Level 1:colcon.colcon_core.shell:create_environment_hook('teraranger_evo', 'pythonpath')
[1.410s] INFO:colcon.colcon_core.shell:Creating environment hook '/home/james/realsense_ws/install/teraranger_evo/share/teraranger_evo/hook/pythonpath.ps1'
[1.411s] INFO:colcon.colcon_core.shell:Creating environment descriptor '/home/james/realsense_ws/install/teraranger_evo/share/teraranger_evo/hook/pythonpath.dsv'
[1.411s] INFO:colcon.colcon_core.shell:Creating environment hook '/home/james/realsense_ws/install/teraranger_evo/share/teraranger_evo/hook/pythonpath.sh'
[1.411s] Level 1:colcon.colcon_core.environment:checking '/home/james/realsense_ws/install/teraranger_evo/bin'
[1.411s] Level 1:colcon.colcon_core.environment:create_environment_scripts_only(teraranger_evo)
[1.412s] INFO:colcon.colcon_core.shell:Creating package script '/home/james/realsense_ws/install/teraranger_evo/share/teraranger_evo/package.ps1'
[1.412s] INFO:colcon.colcon_core.shell:Creating package descriptor '/home/james/realsense_ws/install/teraranger_evo/share/teraranger_evo/package.dsv'
[1.412s] INFO:colcon.colcon_core.shell:Creating package script '/home/james/realsense_ws/install/teraranger_evo/share/teraranger_evo/package.sh'
[1.413s] INFO:colcon.colcon_core.shell:Creating package script '/home/james/realsense_ws/install/teraranger_evo/share/teraranger_evo/package.bash'
[1.413s] INFO:colcon.colcon_core.shell:Creating package script '/home/james/realsense_ws/install/teraranger_evo/share/teraranger_evo/package.zsh'
[1.413s] Level 1:colcon.colcon_core.environment:create_file_with_runtime_dependencies(/home/james/realsense_ws/install/teraranger_evo/share/colcon-core/packages/teraranger_evo)
[1.498s] Level 1:colcon.colcon_core.shell:create_environment_hook('realsense', 'pythonpath_develop')
[1.499s] INFO:colcon.colcon_core.shell:Creating environment hook '/home/james/realsense_ws/build/realsense/share/realsense/hook/pythonpath_develop.ps1'
[1.499s] DEBUG:colcon.colcon_core.event_handler.log_command:Invoked command in '/home/james/realsense_ws/build/realsense' returned '0': PYTHONPATH=/home/james/realsense_ws/build/realsense/prefix_override:/usr/lib/python3/dist-packages/colcon_core/task/python/colcon_distutils_commands:/home/james/realsense_ws/install/realsense/lib/python3.10/site-packages:${PYTHONPATH} /usr/bin/python3 -W ignore:setup.py install is deprecated setup.py develop --editable --build-directory /home/james/realsense_ws/build/realsense/build --no-deps symlink_data
[1.500s] INFO:colcon.colcon_core.shell:Creating environment descriptor '/home/james/realsense_ws/build/realsense/share/realsense/hook/pythonpath_develop.dsv'
[1.500s] INFO:colcon.colcon_core.shell:Creating environment hook '/home/james/realsense_ws/build/realsense/share/realsense/hook/pythonpath_develop.sh'
[1.501s] Level 1:colcon.colcon_core.environment:checking '/home/james/realsense_ws/install/realsense' for CMake module files
[1.501s] Level 1:colcon.colcon_core.environment:checking '/home/james/realsense_ws/install/realsense' for CMake config files
[1.502s] Level 1:colcon.colcon_core.environment:checking '/home/james/realsense_ws/install/realsense/lib'
[1.502s] Level 1:colcon.colcon_core.environment:checking '/home/james/realsense_ws/install/realsense/bin'
[1.502s] Level 1:colcon.colcon_core.environment:checking '/home/james/realsense_ws/install/realsense/lib/pkgconfig/realsense.pc'
[1.502s] Level 1:colcon.colcon_core.environment:checking '/home/james/realsense_ws/install/realsense/lib/python3.10/site-packages'
[1.502s] Level 1:colcon.colcon_core.shell:create_environment_hook('realsense', 'pythonpath')
[1.502s] INFO:colcon.colcon_core.shell:Creating environment hook '/home/james/realsense_ws/install/realsense/share/realsense/hook/pythonpath.ps1'
[1.503s] INFO:colcon.colcon_core.shell:Creating environment descriptor '/home/james/realsense_ws/install/realsense/share/realsense/hook/pythonpath.dsv'
[1.504s] INFO:colcon.colcon_core.shell:Creating environment hook '/home/james/realsense_ws/install/realsense/share/realsense/hook/pythonpath.sh'
[1.504s] Level 1:colcon.colcon_core.environment:checking '/home/james/realsense_ws/install/realsense/bin'
[1.504s] Level 1:colcon.colcon_core.environment:create_environment_scripts_only(realsense)
[1.504s] INFO:colcon.colcon_core.shell:Creating package script '/home/james/realsense_ws/install/realsense/share/realsense/package.ps1'
[1.505s] INFO:colcon.colcon_core.shell:Creating package descriptor '/home/james/realsense_ws/install/realsense/share/realsense/package.dsv'
[1.505s] INFO:colcon.colcon_core.shell:Creating package script '/home/james/realsense_ws/install/realsense/share/realsense/package.sh'
[1.505s] INFO:colcon.colcon_core.shell:Creating package script '/home/james/realsense_ws/install/realsense/share/realsense/package.bash'
[1.506s] INFO:colcon.colcon_core.shell:Creating package script '/home/james/realsense_ws/install/realsense/share/realsense/package.zsh'
[1.506s] Level 1:colcon.colcon_core.environment:create_file_with_runtime_dependencies(/home/james/realsense_ws/install/realsense/share/colcon-core/packages/realsense)
[5.903s] DEBUG:colcon.colcon_core.event_handler.log_command:Invoking command in '/home/james/realsense_ws/build/px4_msgs': CMAKE_PREFIX_PATH=${CMAKE_PREFIX_PATH}:/home/james/realsense_ws/install/teraranger_evo:/home/james/realsense_ws/install/realsense:/opt/ros/humble /usr/bin/cmake --install /home/james/realsense_ws/build/px4_msgs
[6.163s] Level 1:colcon.colcon_core.environment:create_environment_scripts_only(px4_msgs)
[6.163s] Level 1:colcon.colcon_core.environment:checking '/home/james/realsense_ws/install/px4_msgs' for CMake module files
[6.164s] DEBUG:colcon.colcon_core.event_handler.log_command:Invoked command in '/home/james/realsense_ws/build/px4_msgs' returned '0': CMAKE_PREFIX_PATH=${CMAKE_PREFIX_PATH}:/home/james/realsense_ws/install/teraranger_evo:/home/james/realsense_ws/install/realsense:/opt/ros/humble /usr/bin/cmake --install /home/james/realsense_ws/build/px4_msgs
[6.164s] Level 1:colcon.colcon_core.environment:checking '/home/james/realsense_ws/install/px4_msgs' for CMake config files
[6.176s] Level 1:colcon.colcon_core.shell:create_environment_hook('px4_msgs', 'cmake_prefix_path')
[6.176s] INFO:colcon.colcon_core.shell:Creating environment hook '/home/james/realsense_ws/install/px4_msgs/share/px4_msgs/hook/cmake_prefix_path.ps1'
[6.177s] INFO:colcon.colcon_core.shell:Creating environment descriptor '/home/james/realsense_ws/install/px4_msgs/share/px4_msgs/hook/cmake_prefix_path.dsv'
[6.177s] INFO:colcon.colcon_core.shell:Creating environment hook '/home/james/realsense_ws/install/px4_msgs/share/px4_msgs/hook/cmake_prefix_path.sh'
[6.177s] Level 1:colcon.colcon_core.environment:checking '/home/james/realsense_ws/install/px4_msgs/lib'
[6.177s] Level 1:colcon.colcon_core.shell:create_environment_hook('px4_msgs', 'ld_library_path_lib')
[6.177s] INFO:colcon.colcon_core.shell:Creating environment hook '/home/james/realsense_ws/install/px4_msgs/share/px4_msgs/hook/ld_library_path_lib.ps1'
[6.178s] INFO:colcon.colcon_core.shell:Creating environment descriptor '/home/james/realsense_ws/install/px4_msgs/share/px4_msgs/hook/ld_library_path_lib.dsv'
[6.178s] INFO:colcon.colcon_core.shell:Creating environment hook '/home/james/realsense_ws/install/px4_msgs/share/px4_msgs/hook/ld_library_path_lib.sh'
[6.178s] Level 1:colcon.colcon_core.environment:checking '/home/james/realsense_ws/install/px4_msgs/bin'
[6.178s] Level 1:colcon.colcon_core.environment:checking '/home/james/realsense_ws/install/px4_msgs/lib/pkgconfig/px4_msgs.pc'
[6.178s] Level 1:colcon.colcon_core.environment:checking '/home/james/realsense_ws/install/px4_msgs/lib/python3.10/site-packages'
[6.178s] Level 1:colcon.colcon_core.environment:checking '/home/james/realsense_ws/install/px4_msgs/bin'
[6.179s] INFO:colcon.colcon_core.shell:Creating package script '/home/james/realsense_ws/install/px4_msgs/share/px4_msgs/package.ps1'
[6.179s] INFO:colcon.colcon_core.shell:Creating package descriptor '/home/james/realsense_ws/install/px4_msgs/share/px4_msgs/package.dsv'
[6.179s] INFO:colcon.colcon_core.shell:Creating package script '/home/james/realsense_ws/install/px4_msgs/share/px4_msgs/package.sh'
[6.179s] INFO:colcon.colcon_core.shell:Creating package script '/home/james/realsense_ws/install/px4_msgs/share/px4_msgs/package.bash'
[6.180s] INFO:colcon.colcon_core.shell:Creating package script '/home/james/realsense_ws/install/px4_msgs/share/px4_msgs/package.zsh'
[6.180s] Level 1:colcon.colcon_core.environment:create_file_with_runtime_dependencies(/home/james/realsense_ws/install/px4_msgs/share/colcon-core/packages/px4_msgs)
[11.155s] Level 1:colcon.colcon_core.environment:create_environment_scripts_only(px4_msgs)
[11.155s] Level 1:colcon.colcon_core.environment:checking '/home/james/realsense_ws/install/px4_msgs' for CMake module files
[11.156s] Level 1:colcon.colcon_core.environment:checking '/home/james/realsense_ws/install/px4_msgs' for CMake config files
[11.165s] Level 1:colcon.colcon_core.shell:create_environment_hook('px4_msgs', 'cmake_prefix_path')
[11.165s] INFO:colcon.colcon_core.shell:Creating environment hook '/home/james/realsense_ws/install/px4_msgs/share/px4_msgs/hook/cmake_prefix_path.ps1'
[11.165s] INFO:colcon.colcon_core.shell:Creating environment descriptor '/home/james/realsense_ws/install/px4_msgs/share/px4_msgs/hook/cmake_prefix_path.dsv'
[11.166s] INFO:colcon.colcon_core.shell:Creating environment hook '/home/james/realsense_ws/install/px4_msgs/share/px4_msgs/hook/cmake_prefix_path.sh'
[11.166s] Level 1:colcon.colcon_core.environment:checking '/home/james/realsense_ws/install/px4_msgs/lib'
[11.166s] Level 1:colcon.colcon_core.shell:create_environment_hook('px4_msgs', 'ld_library_path_lib')
[11.166s] INFO:colcon.colcon_core.shell:Creating environment hook '/home/james/realsense_ws/install/px4_msgs/share/px4_msgs/hook/ld_library_path_lib.ps1'
[11.167s] INFO:colcon.colcon_core.shell:Creating environment descriptor '/home/james/realsense_ws/install/px4_msgs/share/px4_msgs/hook/ld_library_path_lib.dsv'
[11.167s] INFO:colcon.colcon_core.shell:Creating environment hook '/home/james/realsense_ws/install/px4_msgs/share/px4_msgs/hook/ld_library_path_lib.sh'
[11.167s] Level 1:colcon.colcon_core.environment:checking '/home/james/realsense_ws/install/px4_msgs/bin'
[11.167s] Level 1:colcon.colcon_core.environment:checking '/home/james/realsense_ws/install/px4_msgs/lib/pkgconfig/px4_msgs.pc'
[11.167s] Level 1:colcon.colcon_core.environment:checking '/home/james/realsense_ws/install/px4_msgs/lib/python3.10/site-packages'
[11.167s] Level 1:colcon.colcon_core.environment:checking '/home/james/realsense_ws/install/px4_msgs/bin'
[11.168s] INFO:colcon.colcon_core.shell:Creating package script '/home/james/realsense_ws/install/px4_msgs/share/px4_msgs/package.ps1'
[11.168s] INFO:colcon.colcon_core.shell:Creating package descriptor '/home/james/realsense_ws/install/px4_msgs/share/px4_msgs/package.dsv'
[11.168s] INFO:colcon.colcon_core.shell:Creating package script '/home/james/realsense_ws/install/px4_msgs/share/px4_msgs/package.sh'
[11.169s] INFO:colcon.colcon_core.shell:Creating package script '/home/james/realsense_ws/install/px4_msgs/share/px4_msgs/package.bash'
[11.169s] INFO:colcon.colcon_core.shell:Creating package script '/home/james/realsense_ws/install/px4_msgs/share/px4_msgs/package.zsh'
[11.169s] Level 1:colcon.colcon_core.environment:create_file_with_runtime_dependencies(/home/james/realsense_ws/install/px4_msgs/share/colcon-core/packages/px4_msgs)
[11.169s] INFO:colcon.colcon_ros.task.ament_cmake.build:Building ROS package in '/home/james/realsense_ws/src/px4_ros_com' with build type 'ament_cmake'
[11.170s] INFO:colcon.colcon_cmake.task.cmake.build:Building CMake package in '/home/james/realsense_ws/src/px4_ros_com'
[11.170s] INFO:colcon.colcon_core.shell:Skip shell extension 'powershell' for command environment: Not usable outside of PowerShell
[11.170s] DEBUG:colcon.colcon_core.shell:Skip shell extension 'dsv' for command environment
[11.181s] DEBUG:colcon.colcon_core.event_handler.log_command:Invoking command in '/home/james/realsense_ws/build/px4_ros_com': CMAKE_PREFIX_PATH=/home/james/realsense_ws/install/px4_msgs:/home/james/realsense_ws/install/yolov8_msgs:/home/james/realsense_ws/install/px4_ros_com:/home/james/realsense_ws/install/teraranger_evo:/home/james/realsense_ws/install/realsense:/opt/ros/humble LD_LIBRARY_PATH=/home/james/realsense_ws/install/px4_msgs/lib:/home/james/realsense_ws/install/yolov8_msgs/lib:/home/james/realsense_ws/install/px4_ros_com/lib:/usr/lib/x86_64-linux-gnu/gazebo-11/plugins:/opt/ros/humble/opt/rviz_ogre_vendor/lib:/opt/ros/humble/lib/x86_64-linux-gnu:/opt/ros/humble/lib:/usr/lib/x86_64-linux-gnu/gazebo-11/plugins /usr/bin/cmake --build /home/james/realsense_ws/build/px4_ros_com -- -j20 -l20
[11.503s] DEBUG:colcon.colcon_core.event_handler.log_command:Invoked command in '/home/james/realsense_ws/build/px4_ros_com' returned '0': CMAKE_PREFIX_PATH=/home/james/realsense_ws/install/px4_msgs:/home/james/realsense_ws/install/yolov8_msgs:/home/james/realsense_ws/install/px4_ros_com:/home/james/realsense_ws/install/teraranger_evo:/home/james/realsense_ws/install/realsense:/opt/ros/humble LD_LIBRARY_PATH=/home/james/realsense_ws/install/px4_msgs/lib:/home/james/realsense_ws/install/yolov8_msgs/lib:/home/james/realsense_ws/install/px4_ros_com/lib:/usr/lib/x86_64-linux-gnu/gazebo-11/plugins:/opt/ros/humble/opt/rviz_ogre_vendor/lib:/opt/ros/humble/lib/x86_64-linux-gnu:/opt/ros/humble/lib:/usr/lib/x86_64-linux-gnu/gazebo-11/plugins /usr/bin/cmake --build /home/james/realsense_ws/build/px4_ros_com -- -j20 -l20
[11.556s] DEBUG:colcon.colcon_core.event_handler.log_command:Invoking command in '/home/james/realsense_ws/build/px4_ros_com': CMAKE_PREFIX_PATH=/home/james/realsense_ws/install/px4_msgs:/home/james/realsense_ws/install/yolov8_msgs:/home/james/realsense_ws/install/px4_ros_com:/home/james/realsense_ws/install/teraranger_evo:/home/james/realsense_ws/install/realsense:/opt/ros/humble LD_LIBRARY_PATH=/home/james/realsense_ws/install/px4_msgs/lib:/home/james/realsense_ws/install/yolov8_msgs/lib:/home/james/realsense_ws/install/px4_ros_com/lib:/usr/lib/x86_64-linux-gnu/gazebo-11/plugins:/opt/ros/humble/opt/rviz_ogre_vendor/lib:/opt/ros/humble/lib/x86_64-linux-gnu:/opt/ros/humble/lib:/usr/lib/x86_64-linux-gnu/gazebo-11/plugins /usr/bin/cmake --install /home/james/realsense_ws/build/px4_ros_com
[11.613s] Level 1:colcon.colcon_core.environment:create_environment_scripts_only(px4_ros_com)
[11.613s] Level 1:colcon.colcon_core.environment:checking '/home/james/realsense_ws/install/px4_ros_com' for CMake module files
[11.614s] DEBUG:colcon.colcon_core.event_handler.log_command:Invoked command in '/home/james/realsense_ws/build/px4_ros_com' returned '0': CMAKE_PREFIX_PATH=/home/james/realsense_ws/install/px4_msgs:/home/james/realsense_ws/install/yolov8_msgs:/home/james/realsense_ws/install/px4_ros_com:/home/james/realsense_ws/install/teraranger_evo:/home/james/realsense_ws/install/realsense:/opt/ros/humble LD_LIBRARY_PATH=/home/james/realsense_ws/install/px4_msgs/lib:/home/james/realsense_ws/install/yolov8_msgs/lib:/home/james/realsense_ws/install/px4_ros_com/lib:/usr/lib/x86_64-linux-gnu/gazebo-11/plugins:/opt/ros/humble/opt/rviz_ogre_vendor/lib:/opt/ros/humble/lib/x86_64-linux-gnu:/opt/ros/humble/lib:/usr/lib/x86_64-linux-gnu/gazebo-11/plugins /usr/bin/cmake --install /home/james/realsense_ws/build/px4_ros_com
[11.614s] Level 1:colcon.colcon_core.environment:checking '/home/james/realsense_ws/install/px4_ros_com' for CMake config files
[11.614s] Level 1:colcon.colcon_core.shell:create_environment_hook('px4_ros_com', 'cmake_prefix_path')
[11.614s] INFO:colcon.colcon_core.shell:Creating environment hook '/home/james/realsense_ws/install/px4_ros_com/share/px4_ros_com/hook/cmake_prefix_path.ps1'
[11.615s] INFO:colcon.colcon_core.shell:Creating environment descriptor '/home/james/realsense_ws/install/px4_ros_com/share/px4_ros_com/hook/cmake_prefix_path.dsv'
[11.615s] INFO:colcon.colcon_core.shell:Creating environment hook '/home/james/realsense_ws/install/px4_ros_com/share/px4_ros_com/hook/cmake_prefix_path.sh'
[11.615s] Level 1:colcon.colcon_core.environment:checking '/home/james/realsense_ws/install/px4_ros_com/lib'
[11.615s] Level 1:colcon.colcon_core.shell:create_environment_hook('px4_ros_com', 'ld_library_path_lib')
[11.615s] INFO:colcon.colcon_core.shell:Creating environment hook '/home/james/realsense_ws/install/px4_ros_com/share/px4_ros_com/hook/ld_library_path_lib.ps1'
[11.616s] INFO:colcon.colcon_core.shell:Creating environment descriptor '/home/james/realsense_ws/install/px4_ros_com/share/px4_ros_com/hook/ld_library_path_lib.dsv'
[11.616s] INFO:colcon.colcon_core.shell:Creating environment hook '/home/james/realsense_ws/install/px4_ros_com/share/px4_ros_com/hook/ld_library_path_lib.sh'
[11.616s] Level 1:colcon.colcon_core.environment:checking '/home/james/realsense_ws/install/px4_ros_com/bin'
[11.616s] Level 1:colcon.colcon_core.environment:checking '/home/james/realsense_ws/install/px4_ros_com/lib/pkgconfig/px4_ros_com.pc'
[11.616s] Level 1:colcon.colcon_core.environment:checking '/home/james/realsense_ws/install/px4_ros_com/lib/python3.10/site-packages'
[11.616s] Level 1:colcon.colcon_core.environment:checking '/home/james/realsense_ws/install/px4_ros_com/bin'
[11.616s] INFO:colcon.colcon_core.shell:Creating package script '/home/james/realsense_ws/install/px4_ros_com/share/px4_ros_com/package.ps1'
[11.617s] INFO:colcon.colcon_core.shell:Creating package descriptor '/home/james/realsense_ws/install/px4_ros_com/share/px4_ros_com/package.dsv'
[11.617s] INFO:colcon.colcon_core.shell:Creating package script '/home/james/realsense_ws/install/px4_ros_com/share/px4_ros_com/package.sh'
[11.617s] INFO:colcon.colcon_core.shell:Creating package script '/home/james/realsense_ws/install/px4_ros_com/share/px4_ros_com/package.bash'
[11.617s] INFO:colcon.colcon_core.shell:Creating package script '/home/james/realsense_ws/install/px4_ros_com/share/px4_ros_com/package.zsh'
[11.618s] Level 1:colcon.colcon_core.environment:create_file_with_runtime_dependencies(/home/james/realsense_ws/install/px4_ros_com/share/colcon-core/packages/px4_ros_com)
[11.687s] Level 1:colcon.colcon_core.environment:create_environment_scripts_only(px4_ros_com)
[11.687s] Level 1:colcon.colcon_core.environment:checking '/home/james/realsense_ws/install/px4_ros_com' for CMake module files
[11.688s] Level 1:colcon.colcon_core.environment:checking '/home/james/realsense_ws/install/px4_ros_com' for CMake config files
[11.688s] Level 1:colcon.colcon_core.shell:create_environment_hook('px4_ros_com', 'cmake_prefix_path')
[11.689s] INFO:colcon.colcon_core.shell:Creating environment hook '/home/james/realsense_ws/install/px4_ros_com/share/px4_ros_com/hook/cmake_prefix_path.ps1'
[11.689s] INFO:colcon.colcon_core.shell:Creating environment descriptor '/home/james/realsense_ws/install/px4_ros_com/share/px4_ros_com/hook/cmake_prefix_path.dsv'
[11.690s] INFO:colcon.colcon_core.shell:Creating environment hook '/home/james/realsense_ws/install/px4_ros_com/share/px4_ros_com/hook/cmake_prefix_path.sh'
[11.690s] Level 1:colcon.colcon_core.environment:checking '/home/james/realsense_ws/install/px4_ros_com/lib'
[11.691s] Level 1:colcon.colcon_core.shell:create_environment_hook('px4_ros_com', 'ld_library_path_lib')
[11.691s] INFO:colcon.colcon_core.shell:Creating environment hook '/home/james/realsense_ws/install/px4_ros_com/share/px4_ros_com/hook/ld_library_path_lib.ps1'
[11.691s] INFO:colcon.colcon_core.shell:Creating environment descriptor '/home/james/realsense_ws/install/px4_ros_com/share/px4_ros_com/hook/ld_library_path_lib.dsv'
[11.692s] INFO:colcon.colcon_core.shell:Creating environment hook '/home/james/realsense_ws/install/px4_ros_com/share/px4_ros_com/hook/ld_library_path_lib.sh'
[11.693s] Level 1:colcon.colcon_core.environment:checking '/home/james/realsense_ws/install/px4_ros_com/bin'
[11.693s] Level 1:colcon.colcon_core.environment:checking '/home/james/realsense_ws/install/px4_ros_com/lib/pkgconfig/px4_ros_com.pc'
[11.693s] Level 1:colcon.colcon_core.environment:checking '/home/james/realsense_ws/install/px4_ros_com/lib/python3.10/site-packages'
[11.694s] Level 1:colcon.colcon_core.environment:checking '/home/james/realsense_ws/install/px4_ros_com/bin'
[11.694s] INFO:colcon.colcon_core.shell:Creating package script '/home/james/realsense_ws/install/px4_ros_com/share/px4_ros_com/package.ps1'
[11.695s] INFO:colcon.colcon_core.shell:Creating package descriptor '/home/james/realsense_ws/install/px4_ros_com/share/px4_ros_com/package.dsv'
[11.696s] INFO:colcon.colcon_core.shell:Creating package script '/home/james/realsense_ws/install/px4_ros_com/share/px4_ros_com/package.sh'
[11.696s] INFO:colcon.colcon_core.shell:Creating package script '/home/james/realsense_ws/install/px4_ros_com/share/px4_ros_com/package.bash'
[11.697s] INFO:colcon.colcon_core.shell:Creating package script '/home/james/realsense_ws/install/px4_ros_com/share/px4_ros_com/package.zsh'
[11.697s] Level 1:colcon.colcon_core.environment:create_file_with_runtime_dependencies(/home/james/realsense_ws/install/px4_ros_com/share/colcon-core/packages/px4_ros_com)
[11.697s] DEBUG:colcon.colcon_parallel_executor.executor.parallel:closing loop
[11.698s] DEBUG:colcon.colcon_parallel_executor.executor.parallel:loop closed
[11.698s] DEBUG:colcon.colcon_parallel_executor.executor.parallel:run_until_complete finished with '0'
[11.698s] DEBUG:colcon.colcon_core.event_reactor:joining thread
[11.703s] INFO:colcon.colcon_core.plugin_system:Skipping extension 'colcon_notification.desktop_notification.terminal_notifier': Not used on non-Darwin systems
[11.703s] INFO:colcon.colcon_core.plugin_system:Skipping extension 'colcon_notification.desktop_notification.win32': Not used on non-Windows systems
[11.703s] INFO:colcon.colcon_notification.desktop_notification:Sending desktop notification using 'notify2'
[11.712s] DEBUG:colcon.colcon_core.event_reactor:joined thread
[11.712s] INFO:colcon.colcon_core.shell:Creating prefix script '/home/james/realsense_ws/install/local_setup.ps1'
[11.713s] INFO:colcon.colcon_core.shell:Creating prefix util module '/home/james/realsense_ws/install/_local_setup_util_ps1.py'
[11.713s] INFO:colcon.colcon_core.shell:Creating prefix chain script '/home/james/realsense_ws/install/setup.ps1'
[11.714s] INFO:colcon.colcon_core.shell:Creating prefix script '/home/james/realsense_ws/install/local_setup.sh'
[11.715s] INFO:colcon.colcon_core.shell:Creating prefix util module '/home/james/realsense_ws/install/_local_setup_util_sh.py'
[11.715s] INFO:colcon.colcon_core.shell:Creating prefix chain script '/home/james/realsense_ws/install/setup.sh'
[11.716s] INFO:colcon.colcon_core.shell:Creating prefix script '/home/james/realsense_ws/install/local_setup.bash'
[11.716s] INFO:colcon.colcon_core.shell:Creating prefix chain script '/home/james/realsense_ws/install/setup.bash'
[11.717s] INFO:colcon.colcon_core.shell:Creating prefix script '/home/james/realsense_ws/install/local_setup.zsh'
[11.717s] INFO:colcon.colcon_core.shell:Creating prefix chain script '/home/james/realsense_ws/install/setup.zsh'
