[0.659s] Invoking command in '/home/james/realsense_ws/build/realsense': PYTHONPATH=/home/james/realsense_ws/build/realsense/prefix_override:/usr/lib/python3/dist-packages/colcon_core/task/python/colcon_distutils_commands:/home/james/realsense_ws/install/realsense/lib/python3.10/site-packages:${PYTHONPATH} /usr/bin/python3 -W ignore:setup.py install is deprecated setup.py develop --editable --build-directory /home/james/realsense_ws/build/realsense/build --no-deps symlink_data --force
[0.772s] /home/james/.local/lib/python3.10/site-packages/setuptools/_distutils/dist.py:261: UserWarning: Unknown distribution option: 'tests_require'
[0.772s]   warnings.warn(msg)
[0.893s] running develop
[0.894s] /home/james/.local/lib/python3.10/site-packages/setuptools/command/develop.py:41: EasyInstallDeprecationWarning: easy_install command is deprecated.
[0.894s] !!
[0.894s] 
[0.894s]         ********************************************************************************
[0.894s]         Please avoid running ``setup.py`` and ``easy_install``.
[0.894s]         Instead, use pypa/build, pypa/installer or other
[0.894s]         standards-based tools.
[0.894s] 
[0.894s]         See https://github.com/pypa/setuptools/issues/917 for details.
[0.894s]         ********************************************************************************
[0.894s] 
[0.895s] !!
[0.895s]   easy_install.initialize_options(self)
[1.055s] running egg_info
[1.066s] writing realsense.egg-info/PKG-INFO
[1.066s] writing dependency_links to realsense.egg-info/dependency_links.txt
[1.066s] writing entry points to realsense.egg-info/entry_points.txt
[1.067s] writing requirements to realsense.egg-info/requires.txt
[1.067s] writing top-level names to realsense.egg-info/top_level.txt
[1.090s] reading manifest file 'realsense.egg-info/SOURCES.txt'
[1.092s] writing manifest file 'realsense.egg-info/SOURCES.txt'
[1.107s] running build_ext
[1.107s] Creating /home/james/realsense_ws/install/realsense/lib/python3.10/site-packages/realsense.egg-link (link to .)
[1.108s] Installing realsense_subscriber script to /home/james/realsense_ws/install/realsense/lib/realsense
[1.108s] 
[1.108s] Installed /home/james/realsense_ws/build/realsense
[1.109s] running symlink_data
[1.109s] symbolically linking /home/james/realsense_ws/build/realsense/resource/realsense -> /home/james/realsense_ws/install/realsense/share/ament_index/resource_index/packages
[1.109s] symbolically linking /home/james/realsense_ws/build/realsense/package.xml -> /home/james/realsense_ws/install/realsense/share/realsense
[1.109s] symbolically linking /home/james/realsense_ws/build/realsense/launch/realsense.launch.py -> /home/james/realsense_ws/install/realsense/share/realsense/launch
[1.136s] Invoked command in '/home/james/realsense_ws/build/realsense' returned '0': PYTHONPATH=/home/james/realsense_ws/build/realsense/prefix_override:/usr/lib/python3/dist-packages/colcon_core/task/python/colcon_distutils_commands:/home/james/realsense_ws/install/realsense/lib/python3.10/site-packages:${PYTHONPATH} /usr/bin/python3 -W ignore:setup.py install is deprecated setup.py develop --editable --build-directory /home/james/realsense_ws/build/realsense/build --no-deps symlink_data --force
