/home/james/.local/lib/python3.10/site-packages/setuptools/_distutils/dist.py:261: UserWarning: Unknown distribution option: 'tests_require'
  warnings.warn(msg)
running develop
/home/james/.local/lib/python3.10/site-packages/setuptools/command/develop.py:41: EasyInstallDeprecationWarning: easy_install command is deprecated.
!!

        ********************************************************************************
        Please avoid running ``setup.py`` and ``easy_install``.
        Instead, use pypa/build, pypa/installer or other
        standards-based tools.

        See https://github.com/pypa/setuptools/issues/917 for details.
        ********************************************************************************

!!
  easy_install.initialize_options(self)
Removing /home/james/realsense_ws/install/realsense/lib/python3.10/site-packages/realsense.egg-link (link to .)
/home/james/.local/lib/python3.10/site-packages/setuptools/_distutils/dist.py:261: UserWarning: Unknown distribution option: 'tests_require'
  warnings.warn(msg)
running egg_info
writing ../../build/realsense/realsense.egg-info/PKG-INFO
writing dependency_links to ../../build/realsense/realsense.egg-info/dependency_links.txt
writing entry points to ../../build/realsense/realsense.egg-info/entry_points.txt
writing requirements to ../../build/realsense/realsense.egg-info/requires.txt
writing top-level names to ../../build/realsense/realsense.egg-info/top_level.txt
reading manifest file '../../build/realsense/realsense.egg-info/SOURCES.txt'
writing manifest file '../../build/realsense/realsense.egg-info/SOURCES.txt'
running build
running build_py
copying realsense/__init__.py -> /home/james/realsense_ws/build/realsense/build/lib/realsense
copying realsense/realsense_subscriber_node.py -> /home/james/realsense_ws/build/realsense/build/lib/realsense
running install
running install_lib
creating /home/james/realsense_ws/install/realsense/lib/python3.10/site-packages/realsense
copying /home/james/realsense_ws/build/realsense/build/lib/realsense/__init__.py -> /home/james/realsense_ws/install/realsense/lib/python3.10/site-packages/realsense
copying /home/james/realsense_ws/build/realsense/build/lib/realsense/realsense_subscriber_node.py -> /home/james/realsense_ws/install/realsense/lib/python3.10/site-packages/realsense
byte-compiling /home/james/realsense_ws/install/realsense/lib/python3.10/site-packages/realsense/__init__.py to __init__.cpython-310.pyc
byte-compiling /home/james/realsense_ws/install/realsense/lib/python3.10/site-packages/realsense/realsense_subscriber_node.py to realsense_subscriber_node.cpython-310.pyc
running install_data
copying resource/realsense -> /home/james/realsense_ws/install/realsense/share/ament_index/resource_index/packages
copying package.xml -> /home/james/realsense_ws/install/realsense/share/realsense
copying launch/realsense.launch.py -> /home/james/realsense_ws/install/realsense/share/realsense/launch
running install_egg_info
Copying ../../build/realsense/realsense.egg-info to /home/james/realsense_ws/install/realsense/lib/python3.10/site-packages/realsense-0.0.0-py3.10.egg-info
running install_scripts
Installing realsense_subscriber script to /home/james/realsense_ws/install/realsense/lib/realsense
writing list of installed files to '/home/james/realsense_ws/build/realsense/install.log'
