[0.727s] Invoking command in '/home/james/realsense_ws/build/realsense': PYTHONPATH=/home/james/realsense_ws/build/realsense/prefix_override:/usr/lib/python3/dist-packages/colcon_core/task/python/colcon_distutils_commands:/home/james/realsense_ws/install/realsense/lib/python3.10/site-packages:${PYTHONPATH} /usr/bin/python3 -W ignore:setup.py install is deprecated setup.py develop --uninstall --editable --build-directory /home/james/realsense_ws/build/realsense/build
[0.852s] /home/james/.local/lib/python3.10/site-packages/setuptools/_distutils/dist.py:261: UserWarning: Unknown distribution option: 'tests_require'
[0.852s]   warnings.warn(msg)
[0.976s] running develop
[0.976s] /home/james/.local/lib/python3.10/site-packages/setuptools/command/develop.py:41: EasyInstallDeprecationWarning: easy_install command is deprecated.
[0.976s] !!
[0.976s] 
[0.976s]         ********************************************************************************
[0.976s]         Please avoid running ``setup.py`` and ``easy_install``.
[0.977s]         Instead, use pypa/build, pypa/installer or other
[0.977s]         standards-based tools.
[0.977s] 
[0.977s]         See https://github.com/pypa/setuptools/issues/917 for details.
[0.977s]         ********************************************************************************
[0.977s] 
[0.977s] !!
[0.977s]   easy_install.initialize_options(self)
[1.161s] Removing /home/james/realsense_ws/install/realsense/lib/python3.10/site-packages/realsense.egg-link (link to .)
[1.186s] Invoked command in '/home/james/realsense_ws/build/realsense' returned '0': PYTHONPATH=/home/james/realsense_ws/build/realsense/prefix_override:/usr/lib/python3/dist-packages/colcon_core/task/python/colcon_distutils_commands:/home/james/realsense_ws/install/realsense/lib/python3.10/site-packages:${PYTHONPATH} /usr/bin/python3 -W ignore:setup.py install is deprecated setup.py develop --uninstall --editable --build-directory /home/james/realsense_ws/build/realsense/build
[1.187s] Invoking command in '/home/james/realsense_ws/src/realsense': PYTHONPATH=/home/james/realsense_ws/build/realsense/prefix_override:/usr/lib/python3/dist-packages/colcon_core/task/python/colcon_distutils_commands:/home/james/realsense_ws/install/realsense/lib/python3.10/site-packages:${PYTHONPATH} /usr/bin/python3 -W ignore:setup.py install is deprecated setup.py egg_info --egg-base ../../build/realsense build --build-base /home/james/realsense_ws/build/realsense/build install --record /home/james/realsense_ws/build/realsense/install.log --single-version-externally-managed install_data --force
[1.319s] /home/james/.local/lib/python3.10/site-packages/setuptools/_distutils/dist.py:261: UserWarning: Unknown distribution option: 'tests_require'
[1.319s]   warnings.warn(msg)
[1.384s] running egg_info
[1.394s] writing ../../build/realsense/realsense.egg-info/PKG-INFO
[1.394s] writing dependency_links to ../../build/realsense/realsense.egg-info/dependency_links.txt
[1.394s] writing entry points to ../../build/realsense/realsense.egg-info/entry_points.txt
[1.395s] writing requirements to ../../build/realsense/realsense.egg-info/requires.txt
[1.395s] writing top-level names to ../../build/realsense/realsense.egg-info/top_level.txt
[1.416s] reading manifest file '../../build/realsense/realsense.egg-info/SOURCES.txt'
[1.417s] writing manifest file '../../build/realsense/realsense.egg-info/SOURCES.txt'
[1.417s] running build
[1.417s] running build_py
[1.418s] copying realsense/__init__.py -> /home/james/realsense_ws/build/realsense/build/lib/realsense
[1.418s] copying realsense/realsense_subscriber_node.py -> /home/james/realsense_ws/build/realsense/build/lib/realsense
[1.418s] running install
[1.421s] running install_lib
[1.432s] creating /home/james/realsense_ws/install/realsense/lib/python3.10/site-packages/realsense
[1.432s] copying /home/james/realsense_ws/build/realsense/build/lib/realsense/__init__.py -> /home/james/realsense_ws/install/realsense/lib/python3.10/site-packages/realsense
[1.432s] copying /home/james/realsense_ws/build/realsense/build/lib/realsense/realsense_subscriber_node.py -> /home/james/realsense_ws/install/realsense/lib/python3.10/site-packages/realsense
[1.433s] byte-compiling /home/james/realsense_ws/install/realsense/lib/python3.10/site-packages/realsense/__init__.py to __init__.cpython-310.pyc
[1.433s] byte-compiling /home/james/realsense_ws/install/realsense/lib/python3.10/site-packages/realsense/realsense_subscriber_node.py to realsense_subscriber_node.cpython-310.pyc
[1.434s] running install_data
[1.434s] copying resource/realsense -> /home/james/realsense_ws/install/realsense/share/ament_index/resource_index/packages
[1.434s] copying package.xml -> /home/james/realsense_ws/install/realsense/share/realsense
[1.434s] copying launch/realsense.launch.py -> /home/james/realsense_ws/install/realsense/share/realsense/launch
[1.434s] running install_egg_info
[1.446s] Copying ../../build/realsense/realsense.egg-info to /home/james/realsense_ws/install/realsense/lib/python3.10/site-packages/realsense-0.0.0-py3.10.egg-info
[1.447s] running install_scripts
[1.535s] Installing realsense_subscriber script to /home/james/realsense_ws/install/realsense/lib/realsense
[1.536s] writing list of installed files to '/home/james/realsense_ws/build/realsense/install.log'
[1.553s] Invoked command in '/home/james/realsense_ws/src/realsense' returned '0': PYTHONPATH=/home/james/realsense_ws/build/realsense/prefix_override:/usr/lib/python3/dist-packages/colcon_core/task/python/colcon_distutils_commands:/home/james/realsense_ws/install/realsense/lib/python3.10/site-packages:${PYTHONPATH} /usr/bin/python3 -W ignore:setup.py install is deprecated setup.py egg_info --egg-base ../../build/realsense build --build-base /home/james/realsense_ws/build/realsense/build install --record /home/james/realsense_ws/build/realsense/install.log --single-version-externally-managed install_data --force
