[0.010s] Invoking command in '/home/james/realsense_ws/build/px4_ros_com': CMAKE_PREFIX_PATH=/home/james/realsense_ws/install/px4_msgs:/home/james/realsense_ws/install/yolov8_msgs:/home/james/realsense_ws/install/px4_ros_com:/home/james/realsense_ws/install/teraranger_evo:/home/james/realsense_ws/install/realsense:/opt/ros/humble LD_LIBRARY_PATH=/home/james/realsense_ws/install/px4_msgs/lib:/home/james/realsense_ws/install/yolov8_msgs/lib:/home/james/realsense_ws/install/px4_ros_com/lib:/usr/lib/x86_64-linux-gnu/gazebo-11/plugins:/opt/ros/humble/opt/rviz_ogre_vendor/lib:/opt/ros/humble/lib/x86_64-linux-gnu:/opt/ros/humble/lib:/usr/lib/x86_64-linux-gnu/gazebo-11/plugins /usr/bin/cmake --build /home/james/realsense_ws/build/px4_ros_com -- -j20 -l20
[0.096s] [ 16%] Built target debug_vect_advertiser
[0.097s] [ 33%] Built target sensor_combined_listener
[0.098s] [ 66%] Built target offboard_control_srv
[0.098s] [ 66%] Built target frame_transforms
[0.099s] [ 83%] Built target vehicle_gps_position_listener
[0.101s] [100%] Built target offboard_control
[0.101s] [100%] Built target ament_cmake_python_symlink_px4_ros_com
[0.262s] running egg_info
[0.273s] writing px4_ros_com.egg-info/PKG-INFO
[0.273s] writing dependency_links to px4_ros_com.egg-info/dependency_links.txt
[0.273s] writing top-level names to px4_ros_com.egg-info/top_level.txt
[0.304s] reading manifest file 'px4_ros_com.egg-info/SOURCES.txt'
[0.305s] writing manifest file 'px4_ros_com.egg-info/SOURCES.txt'
[0.324s] [100%] Built target ament_cmake_python_build_px4_ros_com_egg
[0.332s] Invoked command in '/home/james/realsense_ws/build/px4_ros_com' returned '0': CMAKE_PREFIX_PATH=/home/james/realsense_ws/install/px4_msgs:/home/james/realsense_ws/install/yolov8_msgs:/home/james/realsense_ws/install/px4_ros_com:/home/james/realsense_ws/install/teraranger_evo:/home/james/realsense_ws/install/realsense:/opt/ros/humble LD_LIBRARY_PATH=/home/james/realsense_ws/install/px4_msgs/lib:/home/james/realsense_ws/install/yolov8_msgs/lib:/home/james/realsense_ws/install/px4_ros_com/lib:/usr/lib/x86_64-linux-gnu/gazebo-11/plugins:/opt/ros/humble/opt/rviz_ogre_vendor/lib:/opt/ros/humble/lib/x86_64-linux-gnu:/opt/ros/humble/lib:/usr/lib/x86_64-linux-gnu/gazebo-11/plugins /usr/bin/cmake --build /home/james/realsense_ws/build/px4_ros_com -- -j20 -l20
[0.386s] Invoking command in '/home/james/realsense_ws/build/px4_ros_com': CMAKE_PREFIX_PATH=/home/james/realsense_ws/install/px4_msgs:/home/james/realsense_ws/install/yolov8_msgs:/home/james/realsense_ws/install/px4_ros_com:/home/james/realsense_ws/install/teraranger_evo:/home/james/realsense_ws/install/realsense:/opt/ros/humble LD_LIBRARY_PATH=/home/james/realsense_ws/install/px4_msgs/lib:/home/james/realsense_ws/install/yolov8_msgs/lib:/home/james/realsense_ws/install/px4_ros_com/lib:/usr/lib/x86_64-linux-gnu/gazebo-11/plugins:/opt/ros/humble/opt/rviz_ogre_vendor/lib:/opt/ros/humble/lib/x86_64-linux-gnu:/opt/ros/humble/lib:/usr/lib/x86_64-linux-gnu/gazebo-11/plugins /usr/bin/cmake --install /home/james/realsense_ws/build/px4_ros_com
[0.392s] -- Install configuration: ""
[0.392s] -- Execute custom install script
[0.393s] -- Up-to-date symlink: /home/james/realsense_ws/install/px4_ros_com/lib/px4_ros_com/sensor_combined_listener
[0.393s] -- Up-to-date symlink: /home/james/realsense_ws/install/px4_ros_com/lib/px4_ros_com/vehicle_gps_position_listener
[0.393s] -- Up-to-date symlink: /home/james/realsense_ws/install/px4_ros_com/lib/px4_ros_com/debug_vect_advertiser
[0.393s] -- Up-to-date symlink: /home/james/realsense_ws/install/px4_ros_com/lib/px4_ros_com/offboard_control
[0.394s] -- Up-to-date symlink: /home/james/realsense_ws/install/px4_ros_com/lib/px4_ros_com/offboard_control_srv
[0.394s] -- Up-to-date symlink: /home/james/realsense_ws/install/px4_ros_com/share/px4_ros_com/environment/library_path.sh
[0.394s] -- Up-to-date symlink: /home/james/realsense_ws/install/px4_ros_com/share/px4_ros_com/environment/library_path.dsv
[0.394s] -- Up-to-date symlink: /home/james/realsense_ws/install/px4_ros_com/include/px4_ros_com/frame_transforms.h
[0.394s] -- Up-to-date symlink: /home/james/realsense_ws/install/px4_ros_com/share/px4_ros_com//launch/offboard_control_launch.yaml
[0.394s] -- Up-to-date symlink: /home/james/realsense_ws/install/px4_ros_com/share/px4_ros_com//launch/sensor_combined_listener.launch.py
[0.395s] -- Up-to-date symlink: /home/james/realsense_ws/install/px4_ros_com/share/px4_ros_com//test/__init__.py
[0.395s] -- Up-to-date symlink: /home/james/realsense_ws/install/px4_ros_com/share/px4_ros_com//test/pipeline_io_test.py
[0.395s] -- Up-to-date symlink: /home/james/realsense_ws/install/px4_ros_com/share/px4_ros_com//test/test_input.py
[0.395s] -- Up-to-date symlink: /home/james/realsense_ws/install/px4_ros_com/share/px4_ros_com//test/test_output.py
[0.395s] -- Up-to-date symlink: /home/james/realsense_ws/install/px4_ros_com/share/px4_ros_com/environment/pythonpath.sh
[0.395s] -- Up-to-date symlink: /home/james/realsense_ws/install/px4_ros_com/share/px4_ros_com/environment/pythonpath.dsv
[0.395s] -- Up-to-date symlink: /home/james/realsense_ws/install/px4_ros_com/local/lib/python3.10/dist-packages/px4_ros_com-0.1.0-py3.10.egg-info/PKG-INFO
[0.396s] -- Up-to-date symlink: /home/james/realsense_ws/install/px4_ros_com/local/lib/python3.10/dist-packages/px4_ros_com-0.1.0-py3.10.egg-info/SOURCES.txt
[0.396s] -- Up-to-date symlink: /home/james/realsense_ws/install/px4_ros_com/local/lib/python3.10/dist-packages/px4_ros_com-0.1.0-py3.10.egg-info/dependency_links.txt
[0.396s] -- Up-to-date symlink: /home/james/realsense_ws/install/px4_ros_com/local/lib/python3.10/dist-packages/px4_ros_com-0.1.0-py3.10.egg-info/top_level.txt
[0.396s] -- Up-to-date symlink: /home/james/realsense_ws/install/px4_ros_com/local/lib/python3.10/dist-packages/px4_ros_com/__init__.py
[0.396s] -- Up-to-date symlink: /home/james/realsense_ws/install/px4_ros_com/local/lib/python3.10/dist-packages/px4_ros_com/module_to_import.py
[0.396s] -- Up-to-date symlink: /home/james/realsense_ws/install/px4_ros_com/lib/px4_ros_com/offboard_control.py
[0.396s] -- Up-to-date symlink: /home/james/realsense_ws/install/px4_ros_com/share/ament_index/resource_index/package_run_dependencies/px4_ros_com
[0.397s] -- Up-to-date symlink: /home/james/realsense_ws/install/px4_ros_com/share/ament_index/resource_index/parent_prefix_path/px4_ros_com
[0.397s] -- Up-to-date symlink: /home/james/realsense_ws/install/px4_ros_com/share/px4_ros_com/environment/ament_prefix_path.sh
[0.397s] -- Up-to-date symlink: /home/james/realsense_ws/install/px4_ros_com/share/px4_ros_com/environment/ament_prefix_path.dsv
[0.397s] -- Up-to-date symlink: /home/james/realsense_ws/install/px4_ros_com/share/px4_ros_com/environment/path.sh
[0.397s] -- Up-to-date symlink: /home/james/realsense_ws/install/px4_ros_com/share/px4_ros_com/environment/path.dsv
[0.397s] -- Up-to-date symlink: /home/james/realsense_ws/install/px4_ros_com/share/px4_ros_com/local_setup.bash
[0.398s] -- Up-to-date symlink: /home/james/realsense_ws/install/px4_ros_com/share/px4_ros_com/local_setup.sh
[0.398s] -- Up-to-date symlink: /home/james/realsense_ws/install/px4_ros_com/share/px4_ros_com/local_setup.zsh
[0.398s] -- Up-to-date symlink: /home/james/realsense_ws/install/px4_ros_com/share/px4_ros_com/local_setup.dsv
[0.398s] -- Symlinking: /home/james/realsense_ws/install/px4_ros_com/share/px4_ros_com/package.dsv
[0.405s] -- Up-to-date symlink: /home/james/realsense_ws/install/px4_ros_com/share/ament_index/resource_index/packages/px4_ros_com
[0.405s] -- Up-to-date symlink: /home/james/realsense_ws/install/px4_ros_com/share/px4_ros_com/cmake/ament_cmake_export_dependencies-extras.cmake
[0.405s] -- Up-to-date symlink: /home/james/realsense_ws/install/px4_ros_com/share/px4_ros_com/cmake/ament_cmake_export_targets-extras.cmake
[0.405s] -- Up-to-date symlink: /home/james/realsense_ws/install/px4_ros_com/share/px4_ros_com/cmake/ament_cmake_export_include_directories-extras.cmake
[0.405s] -- Up-to-date symlink: /home/james/realsense_ws/install/px4_ros_com/share/px4_ros_com/cmake/ament_cmake_export_libraries-extras.cmake
[0.406s] -- Up-to-date symlink: /home/james/realsense_ws/install/px4_ros_com/share/px4_ros_com/cmake/px4_ros_comConfig.cmake
[0.406s] -- Up-to-date symlink: /home/james/realsense_ws/install/px4_ros_com/share/px4_ros_com/cmake/px4_ros_comConfig-version.cmake
[0.406s] -- Up-to-date symlink: /home/james/realsense_ws/install/px4_ros_com/share/px4_ros_com/package.xml
[0.406s] -- Up-to-date: /home/james/realsense_ws/install/px4_ros_com/lib/libframe_transforms.so
[0.438s] Listing '/home/james/realsense_ws/install/px4_ros_com/local/lib/python3.10/dist-packages/px4_ros_com'...
[0.441s] -- Up-to-date: /home/james/realsense_ws/install/px4_ros_com/share/px4_ros_com/cmake/export_frame_transformsExport.cmake
[0.441s] -- Up-to-date: /home/james/realsense_ws/install/px4_ros_com/share/px4_ros_com/cmake/export_frame_transformsExport-noconfig.cmake
[0.443s] Invoked command in '/home/james/realsense_ws/build/px4_ros_com' returned '0': CMAKE_PREFIX_PATH=/home/james/realsense_ws/install/px4_msgs:/home/james/realsense_ws/install/yolov8_msgs:/home/james/realsense_ws/install/px4_ros_com:/home/james/realsense_ws/install/teraranger_evo:/home/james/realsense_ws/install/realsense:/opt/ros/humble LD_LIBRARY_PATH=/home/james/realsense_ws/install/px4_msgs/lib:/home/james/realsense_ws/install/yolov8_msgs/lib:/home/james/realsense_ws/install/px4_ros_com/lib:/usr/lib/x86_64-linux-gnu/gazebo-11/plugins:/opt/ros/humble/opt/rviz_ogre_vendor/lib:/opt/ros/humble/lib/x86_64-linux-gnu:/opt/ros/humble/lib:/usr/lib/x86_64-linux-gnu/gazebo-11/plugins /usr/bin/cmake --install /home/james/realsense_ws/build/px4_ros_com
