[0.832s] Invoking command in '/home/james/realsense_ws/build/realsense': PYTHONPATH=/home/james/realsense_ws/build/realsense/prefix_override:/usr/lib/python3/dist-packages/colcon_core/task/python/colcon_distutils_commands:/home/james/realsense_ws/install/realsense/lib/python3.10/site-packages:${PYTHONPATH} /usr/bin/python3 -W ignore:setup.py install is deprecated setup.py develop --editable --build-directory /home/james/realsense_ws/build/realsense/build --no-deps symlink_data
[0.949s] /home/james/.local/lib/python3.10/site-packages/setuptools/_distutils/dist.py:261: UserWarning: Unknown distribution option: 'tests_require'
[0.949s]   warnings.warn(msg)
[1.085s] running develop
[1.086s] /home/james/.local/lib/python3.10/site-packages/setuptools/command/develop.py:41: EasyInstallDeprecationWarning: easy_install command is deprecated.
[1.086s] !!
[1.086s] 
[1.086s]         ********************************************************************************
[1.086s]         Please avoid running ``setup.py`` and ``easy_install``.
[1.086s]         Instead, use pypa/build, pypa/installer or other
[1.086s]         standards-based tools.
[1.086s] 
[1.087s]         See https://github.com/pypa/setuptools/issues/917 for details.
[1.087s]         ********************************************************************************
[1.087s] 
[1.087s] !!
[1.087s]   easy_install.initialize_options(self)
[1.253s] running egg_info
[1.265s] writing realsense.egg-info/PKG-INFO
[1.266s] writing dependency_links to realsense.egg-info/dependency_links.txt
[1.266s] writing entry points to realsense.egg-info/entry_points.txt
[1.266s] writing requirements to realsense.egg-info/requires.txt
[1.266s] writing top-level names to realsense.egg-info/top_level.txt
[1.289s] reading manifest file 'realsense.egg-info/SOURCES.txt'
[1.290s] writing manifest file 'realsense.egg-info/SOURCES.txt'
[1.307s] running build_ext
[1.308s] Creating /home/james/realsense_ws/install/realsense/lib/python3.10/site-packages/realsense.egg-link (link to .)
[1.308s] Installing realsense_subscriber script to /home/james/realsense_ws/install/realsense/lib/realsense
[1.308s] Installing teraranger_subscriber script to /home/james/realsense_ws/install/realsense/lib/realsense
[1.309s] 
[1.309s] Installed /home/james/realsense_ws/build/realsense
[1.309s] running symlink_data
[1.334s] Invoked command in '/home/james/realsense_ws/build/realsense' returned '0': PYTHONPATH=/home/james/realsense_ws/build/realsense/prefix_override:/usr/lib/python3/dist-packages/colcon_core/task/python/colcon_distutils_commands:/home/james/realsense_ws/install/realsense/lib/python3.10/site-packages:${PYTHONPATH} /usr/bin/python3 -W ignore:setup.py install is deprecated setup.py develop --editable --build-directory /home/james/realsense_ws/build/realsense/build --no-deps symlink_data
