[0.500s] Invoking command in '/home/james/realsense_ws/build/realsense': PYTHONPATH=/home/james/realsense_ws/build/realsense/prefix_override:/usr/lib/python3/dist-packages/colcon_core/task/python/colcon_distutils_commands:/home/james/realsense_ws/install/realsense/lib/python3.10/site-packages:${PYTHONPATH} /usr/bin/python3 -W ignore:setup.py install is deprecated setup.py develop --uninstall --editable --build-directory /home/james/realsense_ws/build/realsense/build
[0.606s] /home/james/.local/lib/python3.10/site-packages/setuptools/_distutils/dist.py:261: UserWarning: Unknown distribution option: 'tests_require'
[0.606s]   warnings.warn(msg)
[0.704s] running develop
[0.704s] /home/james/.local/lib/python3.10/site-packages/setuptools/command/develop.py:41: EasyInstallDeprecationWarning: easy_install command is deprecated.
[0.704s] !!
[0.704s] 
[0.704s]         ********************************************************************************
[0.705s]         Please avoid running ``setup.py`` and ``easy_install``.
[0.705s]         Instead, use pypa/build, pypa/installer or other
[0.705s]         standards-based tools.
[0.705s] 
[0.705s]         See https://github.com/pypa/setuptools/issues/917 for details.
[0.705s]         ********************************************************************************
[0.705s] 
[0.705s] !!
[0.705s]   easy_install.initialize_options(self)
[0.849s] Removing /home/james/realsense_ws/install/realsense/lib/python3.10/site-packages/realsense.egg-link (link to .)
[0.867s] Invoked command in '/home/james/realsense_ws/build/realsense' returned '0': PYTHONPATH=/home/james/realsense_ws/build/realsense/prefix_override:/usr/lib/python3/dist-packages/colcon_core/task/python/colcon_distutils_commands:/home/james/realsense_ws/install/realsense/lib/python3.10/site-packages:${PYTHONPATH} /usr/bin/python3 -W ignore:setup.py install is deprecated setup.py develop --uninstall --editable --build-directory /home/james/realsense_ws/build/realsense/build
[0.868s] Invoking command in '/home/james/realsense_ws/src/realsense': PYTHONPATH=/home/james/realsense_ws/build/realsense/prefix_override:/usr/lib/python3/dist-packages/colcon_core/task/python/colcon_distutils_commands:/home/james/realsense_ws/install/realsense/lib/python3.10/site-packages:${PYTHONPATH} /usr/bin/python3 -W ignore:setup.py install is deprecated setup.py egg_info --egg-base ../../build/realsense build --build-base /home/james/realsense_ws/build/realsense/build install --record /home/james/realsense_ws/build/realsense/install.log --single-version-externally-managed install_data --force
[0.982s] /home/james/.local/lib/python3.10/site-packages/setuptools/_distutils/dist.py:261: UserWarning: Unknown distribution option: 'tests_require'
[0.982s]   warnings.warn(msg)
[1.044s] running egg_info
[1.054s] writing ../../build/realsense/realsense.egg-info/PKG-INFO
[1.054s] writing dependency_links to ../../build/realsense/realsense.egg-info/dependency_links.txt
[1.054s] writing entry points to ../../build/realsense/realsense.egg-info/entry_points.txt
[1.054s] writing requirements to ../../build/realsense/realsense.egg-info/requires.txt
[1.054s] writing top-level names to ../../build/realsense/realsense.egg-info/top_level.txt
[1.075s] reading manifest file '../../build/realsense/realsense.egg-info/SOURCES.txt'
[1.076s] writing manifest file '../../build/realsense/realsense.egg-info/SOURCES.txt'
[1.076s] running build
[1.076s] running build_py
[1.076s] copying realsense/__init__.py -> /home/james/realsense_ws/build/realsense/build/lib/realsense
[1.076s] copying realsense/realsense_subscriber_node.py -> /home/james/realsense_ws/build/realsense/build/lib/realsense
[1.076s] running install
[1.080s] running install_lib
[1.090s] creating /home/james/realsense_ws/install/realsense/lib/python3.10/site-packages/realsense
[1.090s] copying /home/james/realsense_ws/build/realsense/build/lib/realsense/__init__.py -> /home/james/realsense_ws/install/realsense/lib/python3.10/site-packages/realsense
[1.090s] copying /home/james/realsense_ws/build/realsense/build/lib/realsense/realsense_subscriber_node.py -> /home/james/realsense_ws/install/realsense/lib/python3.10/site-packages/realsense
[1.090s] byte-compiling /home/james/realsense_ws/install/realsense/lib/python3.10/site-packages/realsense/__init__.py to __init__.cpython-310.pyc
[1.090s] byte-compiling /home/james/realsense_ws/install/realsense/lib/python3.10/site-packages/realsense/realsense_subscriber_node.py to realsense_subscriber_node.cpython-310.pyc
[1.091s] running install_data
[1.091s] copying resource/realsense -> /home/james/realsense_ws/install/realsense/share/ament_index/resource_index/packages
[1.091s] copying package.xml -> /home/james/realsense_ws/install/realsense/share/realsense
[1.091s] copying launch/realsense.launch.py -> /home/james/realsense_ws/install/realsense/share/realsense/launch
[1.091s] running install_egg_info
[1.102s] Copying ../../build/realsense/realsense.egg-info to /home/james/realsense_ws/install/realsense/lib/python3.10/site-packages/realsense-0.0.0-py3.10.egg-info
[1.103s] running install_scripts
[1.191s] Installing realsense_subscriber script to /home/james/realsense_ws/install/realsense/lib/realsense
[1.191s] writing list of installed files to '/home/james/realsense_ws/build/realsense/install.log'
[1.207s] Invoked command in '/home/james/realsense_ws/src/realsense' returned '0': PYTHONPATH=/home/james/realsense_ws/build/realsense/prefix_override:/usr/lib/python3/dist-packages/colcon_core/task/python/colcon_distutils_commands:/home/james/realsense_ws/install/realsense/lib/python3.10/site-packages:${PYTHONPATH} /usr/bin/python3 -W ignore:setup.py install is deprecated setup.py egg_info --egg-base ../../build/realsense build --build-base /home/james/realsense_ws/build/realsense/build install --record /home/james/realsense_ws/build/realsense/install.log --single-version-externally-managed install_data --force
