[0.750s] Invoking command in '/home/james/realsense_ws/build/teraranger_evo': PYTHONPATH=/home/james/realsense_ws/build/teraranger_evo/prefix_override:/usr/lib/python3/dist-packages/colcon_core/task/python/colcon_distutils_commands:/home/james/realsense_ws/install/teraranger_evo/lib/python3.10/site-packages:${PYTHONPATH} /usr/bin/python3 -W ignore:setup.py install is deprecated setup.py develop --editable --build-directory /home/james/realsense_ws/build/teraranger_evo/build --no-deps symlink_data
[0.861s] /home/james/.local/lib/python3.10/site-packages/setuptools/_distutils/dist.py:261: UserWarning: Unknown distribution option: 'tests_require'
[0.862s]   warnings.warn(msg)
[0.992s] running develop
[0.992s] /home/james/.local/lib/python3.10/site-packages/setuptools/command/develop.py:41: EasyInstallDeprecationWarning: easy_install command is deprecated.
[0.992s] !!
[0.992s] 
[0.993s]         ********************************************************************************
[0.993s]         Please avoid running ``setup.py`` and ``easy_install``.
[0.993s]         Instead, use pypa/build, pypa/installer or other
[0.993s]         standards-based tools.
[0.993s] 
[0.993s]         See https://github.com/pypa/setuptools/issues/917 for details.
[0.993s]         ********************************************************************************
[0.993s] 
[0.993s] !!
[0.993s]   easy_install.initialize_options(self)
[1.159s] running egg_info
[1.171s] writing teraranger_evo.egg-info/PKG-INFO
[1.171s] writing dependency_links to teraranger_evo.egg-info/dependency_links.txt
[1.171s] writing entry points to teraranger_evo.egg-info/entry_points.txt
[1.171s] writing requirements to teraranger_evo.egg-info/requires.txt
[1.172s] writing top-level names to teraranger_evo.egg-info/top_level.txt
[1.195s] reading manifest file 'teraranger_evo.egg-info/SOURCES.txt'
[1.196s] writing manifest file 'teraranger_evo.egg-info/SOURCES.txt'
[1.214s] running build_ext
[1.214s] Creating /home/james/realsense_ws/install/teraranger_evo/lib/python3.10/site-packages/teraranger-evo.egg-link (link to .)
[1.215s] Installing teraranger_subscriber script to /home/james/realsense_ws/install/teraranger_evo/lib/teraranger_evo
[1.215s] 
[1.215s] Installed /home/james/realsense_ws/build/teraranger_evo
[1.215s] running symlink_data
[1.238s] Invoked command in '/home/james/realsense_ws/build/teraranger_evo' returned '0': PYTHONPATH=/home/james/realsense_ws/build/teraranger_evo/prefix_override:/usr/lib/python3/dist-packages/colcon_core/task/python/colcon_distutils_commands:/home/james/realsense_ws/install/teraranger_evo/lib/python3.10/site-packages:${PYTHONPATH} /usr/bin/python3 -W ignore:setup.py install is deprecated setup.py develop --editable --build-directory /home/james/realsense_ws/build/teraranger_evo/build --no-deps symlink_data
