[0.011s] Invoking command in '/home/james/realsense_ws/build/px4_ros_com': CMAKE_PREFIX_PATH=/home/james/realsense_ws/install/px4_msgs:/home/james/realsense_ws/install/yolov8_msgs:/home/james/realsense_ws/install/px4_ros_com:/home/james/turtlebot3_ws/install/turtlebot3:/home/james/turtlebot3_ws/install/turtlebot3_simulations:/home/james/turtlebot3_ws/install/turtlebot3_bringup:/home/james/turtlebot3_ws/install/turtlebot3_node:/home/james/turtlebot3_ws/install/turtlebot3_navigation2:/home/james/turtlebot3_ws/install/turtlebot3_fake_node:/home/james/turtlebot3_ws/install/turtlebot3_msgs:/home/james/turtlebot3_ws/install/turtlebot3_gazebo:/home/james/turtlebot3_ws/install/turtlebot3_description:/home/james/turtlebot3_ws/install/turtlebot3_cartographer:/home/james/turtlebot3_ws/install/dynamixel_sdk_examples:/home/james/turtlebot3_ws/install/dynamixel_sdk_custom_interfaces:/home/james/turtlebot3_ws/install/dynamixel_sdk:/home/james/px4_ros2_ws/install/micro_ros_agent:/home/james/px4_ros2_ws/install/micro_ros_msgs:/home/james/px4_ros2_ws/install/px4_ros_com:/home/james/px4_ros2_ws/install/px4_msgs:/home/james/px4_ros2_ws/install/micro_ros_setup:/home/james/px4_ros2_ws/install/my_package:/home/james/realsense_ws/install/realsense:/home/james/turtlebot3_ws/install/turtlebot3_teleop:/home/james/turtlebot3_ws/install/turtlebot3_example:/home/james/turtlebot3_ws/install/follow_waypoints:/home/james/px4_ros2_ws/install/px4_offboard:/opt/ros/humble LD_LIBRARY_PATH=/home/james/realsense_ws/install/px4_msgs/lib:/home/james/realsense_ws/install/yolov8_msgs/lib:/home/james/realsense_ws/install/px4_ros_com/lib:/home/james/turtlebot3_ws/install/turtlebot3_msgs/lib:/home/james/turtlebot3_ws/install/dynamixel_sdk_custom_interfaces/lib:/home/james/turtlebot3_ws/install/dynamixel_sdk/lib:/home/james/px4_ros2_ws/install/micro_ros_agent/lib:/home/james/px4_ros2_ws/install/micro_ros_msgs/lib:/home/james/px4_ros2_ws/install/px4_ros_com/lib:/home/james/px4_ros2_ws/install/px4_msgs/lib:/opt/ros/humble/opt/rviz_ogre_vendor/lib:/opt/ros/humble/lib/x86_64-linux-gnu:/opt/ros/humble/lib:/usr/lib/x86_64-linux-gnu/gazebo-11/plugins /usr/bin/cmake --build /home/james/realsense_ws/build/px4_ros_com -- -j20 -l20
[0.055s] [35m[1mConsolidate compiler generated dependencies of target sensor_combined_listener[0m
[0.055s] [35m[1mConsolidate compiler generated dependencies of target debug_vect_advertiser[0m
[0.055s] [35m[1mConsolidate compiler generated dependencies of target offboard_control_srv[0m
[0.056s] [35m[1mConsolidate compiler generated dependencies of target frame_transforms[0m
[0.057s] [35m[1mConsolidate compiler generated dependencies of target vehicle_gps_position_listener[0m
[0.058s] [35m[1mConsolidate compiler generated dependencies of target offboard_control[0m
[0.083s] [ 16%] Built target debug_vect_advertiser
[0.086s] [ 33%] Built target offboard_control_srv
[0.086s] [ 50%] Built target vehicle_gps_position_listener
[0.087s] [ 66%] Built target frame_transforms
[0.088s] [ 83%] Built target sensor_combined_listener
[0.091s] [ 83%] Built target ament_cmake_python_symlink_px4_ros_com
[0.091s] [100%] Built target offboard_control
[0.245s] running egg_info
[0.256s] writing px4_ros_com.egg-info/PKG-INFO
[0.257s] writing dependency_links to px4_ros_com.egg-info/dependency_links.txt
[0.257s] writing top-level names to px4_ros_com.egg-info/top_level.txt
[0.290s] reading manifest file 'px4_ros_com.egg-info/SOURCES.txt'
[0.290s] writing manifest file 'px4_ros_com.egg-info/SOURCES.txt'
[0.311s] [100%] Built target ament_cmake_python_build_px4_ros_com_egg
[0.323s] Invoked command in '/home/james/realsense_ws/build/px4_ros_com' returned '0': CMAKE_PREFIX_PATH=/home/james/realsense_ws/install/px4_msgs:/home/james/realsense_ws/install/yolov8_msgs:/home/james/realsense_ws/install/px4_ros_com:/home/james/turtlebot3_ws/install/turtlebot3:/home/james/turtlebot3_ws/install/turtlebot3_simulations:/home/james/turtlebot3_ws/install/turtlebot3_bringup:/home/james/turtlebot3_ws/install/turtlebot3_node:/home/james/turtlebot3_ws/install/turtlebot3_navigation2:/home/james/turtlebot3_ws/install/turtlebot3_fake_node:/home/james/turtlebot3_ws/install/turtlebot3_msgs:/home/james/turtlebot3_ws/install/turtlebot3_gazebo:/home/james/turtlebot3_ws/install/turtlebot3_description:/home/james/turtlebot3_ws/install/turtlebot3_cartographer:/home/james/turtlebot3_ws/install/dynamixel_sdk_examples:/home/james/turtlebot3_ws/install/dynamixel_sdk_custom_interfaces:/home/james/turtlebot3_ws/install/dynamixel_sdk:/home/james/px4_ros2_ws/install/micro_ros_agent:/home/james/px4_ros2_ws/install/micro_ros_msgs:/home/james/px4_ros2_ws/install/px4_ros_com:/home/james/px4_ros2_ws/install/px4_msgs:/home/james/px4_ros2_ws/install/micro_ros_setup:/home/james/px4_ros2_ws/install/my_package:/home/james/realsense_ws/install/realsense:/home/james/turtlebot3_ws/install/turtlebot3_teleop:/home/james/turtlebot3_ws/install/turtlebot3_example:/home/james/turtlebot3_ws/install/follow_waypoints:/home/james/px4_ros2_ws/install/px4_offboard:/opt/ros/humble LD_LIBRARY_PATH=/home/james/realsense_ws/install/px4_msgs/lib:/home/james/realsense_ws/install/yolov8_msgs/lib:/home/james/realsense_ws/install/px4_ros_com/lib:/home/james/turtlebot3_ws/install/turtlebot3_msgs/lib:/home/james/turtlebot3_ws/install/dynamixel_sdk_custom_interfaces/lib:/home/james/turtlebot3_ws/install/dynamixel_sdk/lib:/home/james/px4_ros2_ws/install/micro_ros_agent/lib:/home/james/px4_ros2_ws/install/micro_ros_msgs/lib:/home/james/px4_ros2_ws/install/px4_ros_com/lib:/home/james/px4_ros2_ws/install/px4_msgs/lib:/opt/ros/humble/opt/rviz_ogre_vendor/lib:/opt/ros/humble/lib/x86_64-linux-gnu:/opt/ros/humble/lib:/usr/lib/x86_64-linux-gnu/gazebo-11/plugins /usr/bin/cmake --build /home/james/realsense_ws/build/px4_ros_com -- -j20 -l20
[0.369s] Invoking command in '/home/james/realsense_ws/build/px4_ros_com': CMAKE_PREFIX_PATH=/home/james/realsense_ws/install/px4_msgs:/home/james/realsense_ws/install/yolov8_msgs:/home/james/realsense_ws/install/px4_ros_com:/home/james/turtlebot3_ws/install/turtlebot3:/home/james/turtlebot3_ws/install/turtlebot3_simulations:/home/james/turtlebot3_ws/install/turtlebot3_bringup:/home/james/turtlebot3_ws/install/turtlebot3_node:/home/james/turtlebot3_ws/install/turtlebot3_navigation2:/home/james/turtlebot3_ws/install/turtlebot3_fake_node:/home/james/turtlebot3_ws/install/turtlebot3_msgs:/home/james/turtlebot3_ws/install/turtlebot3_gazebo:/home/james/turtlebot3_ws/install/turtlebot3_description:/home/james/turtlebot3_ws/install/turtlebot3_cartographer:/home/james/turtlebot3_ws/install/dynamixel_sdk_examples:/home/james/turtlebot3_ws/install/dynamixel_sdk_custom_interfaces:/home/james/turtlebot3_ws/install/dynamixel_sdk:/home/james/px4_ros2_ws/install/micro_ros_agent:/home/james/px4_ros2_ws/install/micro_ros_msgs:/home/james/px4_ros2_ws/install/px4_ros_com:/home/james/px4_ros2_ws/install/px4_msgs:/home/james/px4_ros2_ws/install/micro_ros_setup:/home/james/px4_ros2_ws/install/my_package:/home/james/realsense_ws/install/realsense:/home/james/turtlebot3_ws/install/turtlebot3_teleop:/home/james/turtlebot3_ws/install/turtlebot3_example:/home/james/turtlebot3_ws/install/follow_waypoints:/home/james/px4_ros2_ws/install/px4_offboard:/opt/ros/humble LD_LIBRARY_PATH=/home/james/realsense_ws/install/px4_msgs/lib:/home/james/realsense_ws/install/yolov8_msgs/lib:/home/james/realsense_ws/install/px4_ros_com/lib:/home/james/turtlebot3_ws/install/turtlebot3_msgs/lib:/home/james/turtlebot3_ws/install/dynamixel_sdk_custom_interfaces/lib:/home/james/turtlebot3_ws/install/dynamixel_sdk/lib:/home/james/px4_ros2_ws/install/micro_ros_agent/lib:/home/james/px4_ros2_ws/install/micro_ros_msgs/lib:/home/james/px4_ros2_ws/install/px4_ros_com/lib:/home/james/px4_ros2_ws/install/px4_msgs/lib:/opt/ros/humble/opt/rviz_ogre_vendor/lib:/opt/ros/humble/lib/x86_64-linux-gnu:/opt/ros/humble/lib:/usr/lib/x86_64-linux-gnu/gazebo-11/plugins /usr/bin/cmake --install /home/james/realsense_ws/build/px4_ros_com
[0.377s] -- Install configuration: ""
[0.377s] -- Execute custom install script
[0.378s] -- Up-to-date symlink: /home/james/realsense_ws/install/px4_ros_com/lib/px4_ros_com/sensor_combined_listener
[0.378s] -- Up-to-date symlink: /home/james/realsense_ws/install/px4_ros_com/lib/px4_ros_com/vehicle_gps_position_listener
[0.378s] -- Up-to-date symlink: /home/james/realsense_ws/install/px4_ros_com/lib/px4_ros_com/debug_vect_advertiser
[0.379s] -- Up-to-date symlink: /home/james/realsense_ws/install/px4_ros_com/lib/px4_ros_com/offboard_control
[0.379s] -- Up-to-date symlink: /home/james/realsense_ws/install/px4_ros_com/lib/px4_ros_com/offboard_control_srv
[0.379s] -- Up-to-date symlink: /home/james/realsense_ws/install/px4_ros_com/share/px4_ros_com/environment/library_path.sh
[0.379s] -- Up-to-date symlink: /home/james/realsense_ws/install/px4_ros_com/share/px4_ros_com/environment/library_path.dsv
[0.379s] -- Up-to-date symlink: /home/james/realsense_ws/install/px4_ros_com/include/px4_ros_com/frame_transforms.h
[0.379s] -- Up-to-date symlink: /home/james/realsense_ws/install/px4_ros_com/share/px4_ros_com//launch/offboard_control_launch.yaml
[0.379s] -- Up-to-date symlink: /home/james/realsense_ws/install/px4_ros_com/share/px4_ros_com//launch/sensor_combined_listener.launch.py
[0.379s] -- Up-to-date symlink: /home/james/realsense_ws/install/px4_ros_com/share/px4_ros_com//test/__init__.py
[0.379s] -- Up-to-date symlink: /home/james/realsense_ws/install/px4_ros_com/share/px4_ros_com//test/pipeline_io_test.py
[0.379s] -- Up-to-date symlink: /home/james/realsense_ws/install/px4_ros_com/share/px4_ros_com//test/test_input.py
[0.379s] -- Up-to-date symlink: /home/james/realsense_ws/install/px4_ros_com/share/px4_ros_com//test/test_output.py
[0.379s] -- Up-to-date symlink: /home/james/realsense_ws/install/px4_ros_com/share/px4_ros_com/environment/pythonpath.sh
[0.379s] -- Up-to-date symlink: /home/james/realsense_ws/install/px4_ros_com/share/px4_ros_com/environment/pythonpath.dsv
[0.380s] -- Up-to-date symlink: /home/james/realsense_ws/install/px4_ros_com/local/lib/python3.10/dist-packages/px4_ros_com-0.1.0-py3.10.egg-info/PKG-INFO
[0.380s] -- Up-to-date symlink: /home/james/realsense_ws/install/px4_ros_com/local/lib/python3.10/dist-packages/px4_ros_com-0.1.0-py3.10.egg-info/SOURCES.txt
[0.380s] -- Up-to-date symlink: /home/james/realsense_ws/install/px4_ros_com/local/lib/python3.10/dist-packages/px4_ros_com-0.1.0-py3.10.egg-info/dependency_links.txt
[0.380s] -- Up-to-date symlink: /home/james/realsense_ws/install/px4_ros_com/local/lib/python3.10/dist-packages/px4_ros_com-0.1.0-py3.10.egg-info/top_level.txt
[0.380s] -- Up-to-date symlink: /home/james/realsense_ws/install/px4_ros_com/local/lib/python3.10/dist-packages/px4_ros_com/__init__.py
[0.380s] -- Up-to-date symlink: /home/james/realsense_ws/install/px4_ros_com/local/lib/python3.10/dist-packages/px4_ros_com/module_to_import.py
[0.380s] -- Up-to-date symlink: /home/james/realsense_ws/install/px4_ros_com/lib/px4_ros_com/offboard_control.py
[0.380s] -- Up-to-date symlink: /home/james/realsense_ws/install/px4_ros_com/share/ament_index/resource_index/package_run_dependencies/px4_ros_com
[0.380s] -- Up-to-date symlink: /home/james/realsense_ws/install/px4_ros_com/share/ament_index/resource_index/parent_prefix_path/px4_ros_com
[0.380s] -- Up-to-date symlink: /home/james/realsense_ws/install/px4_ros_com/share/px4_ros_com/environment/ament_prefix_path.sh
[0.380s] -- Up-to-date symlink: /home/james/realsense_ws/install/px4_ros_com/share/px4_ros_com/environment/ament_prefix_path.dsv
[0.380s] -- Up-to-date symlink: /home/james/realsense_ws/install/px4_ros_com/share/px4_ros_com/environment/path.sh
[0.380s] -- Up-to-date symlink: /home/james/realsense_ws/install/px4_ros_com/share/px4_ros_com/environment/path.dsv
[0.381s] -- Up-to-date symlink: /home/james/realsense_ws/install/px4_ros_com/share/px4_ros_com/local_setup.bash
[0.381s] -- Up-to-date symlink: /home/james/realsense_ws/install/px4_ros_com/share/px4_ros_com/local_setup.sh
[0.381s] -- Up-to-date symlink: /home/james/realsense_ws/install/px4_ros_com/share/px4_ros_com/local_setup.zsh
[0.381s] -- Up-to-date symlink: /home/james/realsense_ws/install/px4_ros_com/share/px4_ros_com/local_setup.dsv
[0.381s] -- Symlinking: /home/james/realsense_ws/install/px4_ros_com/share/px4_ros_com/package.dsv
[0.387s] -- Up-to-date symlink: /home/james/realsense_ws/install/px4_ros_com/share/ament_index/resource_index/packages/px4_ros_com
[0.387s] -- Up-to-date symlink: /home/james/realsense_ws/install/px4_ros_com/share/px4_ros_com/cmake/ament_cmake_export_dependencies-extras.cmake
[0.387s] -- Up-to-date symlink: /home/james/realsense_ws/install/px4_ros_com/share/px4_ros_com/cmake/ament_cmake_export_targets-extras.cmake
[0.387s] -- Up-to-date symlink: /home/james/realsense_ws/install/px4_ros_com/share/px4_ros_com/cmake/ament_cmake_export_include_directories-extras.cmake
[0.387s] -- Up-to-date symlink: /home/james/realsense_ws/install/px4_ros_com/share/px4_ros_com/cmake/ament_cmake_export_libraries-extras.cmake
[0.387s] -- Up-to-date symlink: /home/james/realsense_ws/install/px4_ros_com/share/px4_ros_com/cmake/px4_ros_comConfig.cmake
[0.387s] -- Up-to-date symlink: /home/james/realsense_ws/install/px4_ros_com/share/px4_ros_com/cmake/px4_ros_comConfig-version.cmake
[0.387s] -- Up-to-date symlink: /home/james/realsense_ws/install/px4_ros_com/share/px4_ros_com/package.xml
[0.388s] -- Up-to-date: /home/james/realsense_ws/install/px4_ros_com/lib/libframe_transforms.so
[0.419s] Listing '/home/james/realsense_ws/install/px4_ros_com/local/lib/python3.10/dist-packages/px4_ros_com'...
[0.423s] -- Up-to-date: /home/james/realsense_ws/install/px4_ros_com/share/px4_ros_com/cmake/export_frame_transformsExport.cmake
[0.423s] -- Up-to-date: /home/james/realsense_ws/install/px4_ros_com/share/px4_ros_com/cmake/export_frame_transformsExport-noconfig.cmake
[0.425s] Invoked command in '/home/james/realsense_ws/build/px4_ros_com' returned '0': CMAKE_PREFIX_PATH=/home/james/realsense_ws/install/px4_msgs:/home/james/realsense_ws/install/yolov8_msgs:/home/james/realsense_ws/install/px4_ros_com:/home/james/turtlebot3_ws/install/turtlebot3:/home/james/turtlebot3_ws/install/turtlebot3_simulations:/home/james/turtlebot3_ws/install/turtlebot3_bringup:/home/james/turtlebot3_ws/install/turtlebot3_node:/home/james/turtlebot3_ws/install/turtlebot3_navigation2:/home/james/turtlebot3_ws/install/turtlebot3_fake_node:/home/james/turtlebot3_ws/install/turtlebot3_msgs:/home/james/turtlebot3_ws/install/turtlebot3_gazebo:/home/james/turtlebot3_ws/install/turtlebot3_description:/home/james/turtlebot3_ws/install/turtlebot3_cartographer:/home/james/turtlebot3_ws/install/dynamixel_sdk_examples:/home/james/turtlebot3_ws/install/dynamixel_sdk_custom_interfaces:/home/james/turtlebot3_ws/install/dynamixel_sdk:/home/james/px4_ros2_ws/install/micro_ros_agent:/home/james/px4_ros2_ws/install/micro_ros_msgs:/home/james/px4_ros2_ws/install/px4_ros_com:/home/james/px4_ros2_ws/install/px4_msgs:/home/james/px4_ros2_ws/install/micro_ros_setup:/home/james/px4_ros2_ws/install/my_package:/home/james/realsense_ws/install/realsense:/home/james/turtlebot3_ws/install/turtlebot3_teleop:/home/james/turtlebot3_ws/install/turtlebot3_example:/home/james/turtlebot3_ws/install/follow_waypoints:/home/james/px4_ros2_ws/install/px4_offboard:/opt/ros/humble LD_LIBRARY_PATH=/home/james/realsense_ws/install/px4_msgs/lib:/home/james/realsense_ws/install/yolov8_msgs/lib:/home/james/realsense_ws/install/px4_ros_com/lib:/home/james/turtlebot3_ws/install/turtlebot3_msgs/lib:/home/james/turtlebot3_ws/install/dynamixel_sdk_custom_interfaces/lib:/home/james/turtlebot3_ws/install/dynamixel_sdk/lib:/home/james/px4_ros2_ws/install/micro_ros_agent/lib:/home/james/px4_ros2_ws/install/micro_ros_msgs/lib:/home/james/px4_ros2_ws/install/px4_ros_com/lib:/home/james/px4_ros2_ws/install/px4_msgs/lib:/opt/ros/humble/opt/rviz_ogre_vendor/lib:/opt/ros/humble/lib/x86_64-linux-gnu:/opt/ros/humble/lib:/usr/lib/x86_64-linux-gnu/gazebo-11/plugins /usr/bin/cmake --install /home/james/realsense_ws/build/px4_ros_com
