[0.490s] Invoking command in '/home/james/realsense_ws/src/realsense': PYTHONPATH=/home/james/realsense_ws/build/realsense/prefix_override:/usr/lib/python3/dist-packages/colcon_core/task/python/colcon_distutils_commands:/home/james/realsense_ws/install/realsense/lib/python3.10/site-packages:${PYTHONPATH} /usr/bin/python3 -W ignore:setup.py install is deprecated setup.py egg_info --egg-base ../../build/realsense build --build-base /home/james/realsense_ws/build/realsense/build install --record /home/james/realsense_ws/build/realsense/install.log --single-version-externally-managed install_data
[0.610s] /home/james/.local/lib/python3.10/site-packages/setuptools/_distutils/dist.py:261: UserWarning: Unknown distribution option: 'tests_require'
[0.610s]   warnings.warn(msg)
[0.672s] running egg_info
[0.682s] writing ../../build/realsense/realsense.egg-info/PKG-INFO
[0.682s] writing dependency_links to ../../build/realsense/realsense.egg-info/dependency_links.txt
[0.682s] writing entry points to ../../build/realsense/realsense.egg-info/entry_points.txt
[0.683s] writing requirements to ../../build/realsense/realsense.egg-info/requires.txt
[0.683s] writing top-level names to ../../build/realsense/realsense.egg-info/top_level.txt
[0.704s] reading manifest file '../../build/realsense/realsense.egg-info/SOURCES.txt'
[0.705s] writing manifest file '../../build/realsense/realsense.egg-info/SOURCES.txt'
[0.705s] running build
[0.705s] running build_py
[0.705s] copying realsense/__init__.py -> /home/james/realsense_ws/build/realsense/build/lib/realsense
[0.705s] copying realsense/realsense_subscriber_node.py -> /home/james/realsense_ws/build/realsense/build/lib/realsense
[0.706s] running install
[0.709s] running install_lib
[0.719s] copying /home/james/realsense_ws/build/realsense/build/lib/realsense/realsense_subscriber_node.py -> /home/james/realsense_ws/install/realsense/lib/python3.10/site-packages/realsense
[0.719s] byte-compiling /home/james/realsense_ws/install/realsense/lib/python3.10/site-packages/realsense/realsense_subscriber_node.py to realsense_subscriber_node.cpython-310.pyc
[0.720s] running install_data
[0.720s] copying resource/realsense -> /home/james/realsense_ws/install/realsense/share/ament_index/resource_index/packages
[0.720s] copying package.xml -> /home/james/realsense_ws/install/realsense/share/realsense
[0.720s] copying launch/realsense.launch.py -> /home/james/realsense_ws/install/realsense/share/realsense/launch
[0.720s] running install_egg_info
[0.731s] removing '/home/james/realsense_ws/install/realsense/lib/python3.10/site-packages/realsense-0.0.0-py3.10.egg-info' (and everything under it)
[0.732s] Copying ../../build/realsense/realsense.egg-info to /home/james/realsense_ws/install/realsense/lib/python3.10/site-packages/realsense-0.0.0-py3.10.egg-info
[0.732s] running install_scripts
[0.820s] Installing realsense_subscriber script to /home/james/realsense_ws/install/realsense/lib/realsense
[0.820s] writing list of installed files to '/home/james/realsense_ws/build/realsense/install.log'
[0.836s] Invoked command in '/home/james/realsense_ws/src/realsense' returned '0': PYTHONPATH=/home/james/realsense_ws/build/realsense/prefix_override:/usr/lib/python3/dist-packages/colcon_core/task/python/colcon_distutils_commands:/home/james/realsense_ws/install/realsense/lib/python3.10/site-packages:${PYTHONPATH} /usr/bin/python3 -W ignore:setup.py install is deprecated setup.py egg_info --egg-base ../../build/realsense build --build-base /home/james/realsense_ws/build/realsense/build install --record /home/james/realsense_ws/build/realsense/install.log --single-version-externally-managed install_data
