/home/james/.local/lib/python3.10/site-packages/setuptools/_distutils/dist.py:261: UserWarning: Unknown distribution option: 'tests_require'
  warnings.warn(msg)
running egg_info
writing ../../build/realsense/realsense.egg-info/PKG-INFO
writing dependency_links to ../../build/realsense/realsense.egg-info/dependency_links.txt
writing entry points to ../../build/realsense/realsense.egg-info/entry_points.txt
writing requirements to ../../build/realsense/realsense.egg-info/requires.txt
writing top-level names to ../../build/realsense/realsense.egg-info/top_level.txt
reading manifest file '../../build/realsense/realsense.egg-info/SOURCES.txt'
writing manifest file '../../build/realsense/realsense.egg-info/SOURCES.txt'
running build
running build_py
copying realsense/__init__.py -> /home/james/realsense_ws/build/realsense/build/lib/realsense
copying realsense/realsense_subscriber_node.py -> /home/james/realsense_ws/build/realsense/build/lib/realsense
running install
running install_lib
running install_data
copying resource/realsense -> /home/james/realsense_ws/install/realsense/share/ament_index/resource_index/packages
copying package.xml -> /home/james/realsense_ws/install/realsense/share/realsense
creating /home/james/realsense_ws/install/realsense/share/realsense/launch
copying launch/realsense.launch.py -> /home/james/realsense_ws/install/realsense/share/realsense/launch
running install_egg_info
removing '/home/james/realsense_ws/install/realsense/lib/python3.10/site-packages/realsense-0.0.0-py3.10.egg-info' (and everything under it)
Copying ../../build/realsense/realsense.egg-info to /home/james/realsense_ws/install/realsense/lib/python3.10/site-packages/realsense-0.0.0-py3.10.egg-info
running install_scripts
Installing realsense_subscriber script to /home/james/realsense_ws/install/realsense/lib/realsense
writing list of installed files to '/home/james/realsense_ws/build/realsense/install.log'
