[0.485s] Invoking command in '/home/james/realsense_ws/src/realsense': PYTHONPATH=/home/james/realsense_ws/build/realsense/prefix_override:/usr/lib/python3/dist-packages/colcon_core/task/python/colcon_distutils_commands:/home/james/realsense_ws/install/realsense/lib/python3.10/site-packages:${PYTHONPATH} /usr/bin/python3 -W ignore:setup.py install is deprecated setup.py egg_info --egg-base ../../build/realsense build --build-base /home/james/realsense_ws/build/realsense/build install --record /home/james/realsense_ws/build/realsense/install.log --single-version-externally-managed install_data
[0.601s] /home/james/.local/lib/python3.10/site-packages/setuptools/_distutils/dist.py:261: UserWarning: Unknown distribution option: 'tests_require'
[0.601s]   warnings.warn(msg)
[0.662s] running egg_info
[0.672s] writing ../../build/realsense/realsense.egg-info/PKG-INFO
[0.672s] writing dependency_links to ../../build/realsense/realsense.egg-info/dependency_links.txt
[0.672s] writing entry points to ../../build/realsense/realsense.egg-info/entry_points.txt
[0.672s] writing requirements to ../../build/realsense/realsense.egg-info/requires.txt
[0.672s] writing top-level names to ../../build/realsense/realsense.egg-info/top_level.txt
[0.693s] reading manifest file '../../build/realsense/realsense.egg-info/SOURCES.txt'
[0.694s] writing manifest file '../../build/realsense/realsense.egg-info/SOURCES.txt'
[0.694s] running build
[0.694s] running build_py
[0.694s] copying realsense/__init__.py -> /home/james/realsense_ws/build/realsense/build/lib/realsense
[0.694s] copying realsense/realsense_subscriber_node.py -> /home/james/realsense_ws/build/realsense/build/lib/realsense
[0.694s] running install
[0.697s] running install_lib
[0.707s] running install_data
[0.708s] copying resource/realsense -> /home/james/realsense_ws/install/realsense/share/ament_index/resource_index/packages
[0.708s] copying package.xml -> /home/james/realsense_ws/install/realsense/share/realsense
[0.708s] creating /home/james/realsense_ws/install/realsense/share/realsense/launch
[0.708s] copying launch/realsense.launch.py -> /home/james/realsense_ws/install/realsense/share/realsense/launch
[0.708s] running install_egg_info
[0.719s] removing '/home/james/realsense_ws/install/realsense/lib/python3.10/site-packages/realsense-0.0.0-py3.10.egg-info' (and everything under it)
[0.719s] Copying ../../build/realsense/realsense.egg-info to /home/james/realsense_ws/install/realsense/lib/python3.10/site-packages/realsense-0.0.0-py3.10.egg-info
[0.719s] running install_scripts
[0.806s] Installing realsense_subscriber script to /home/james/realsense_ws/install/realsense/lib/realsense
[0.806s] writing list of installed files to '/home/james/realsense_ws/build/realsense/install.log'
[0.821s] Invoked command in '/home/james/realsense_ws/src/realsense' returned '0': PYTHONPATH=/home/james/realsense_ws/build/realsense/prefix_override:/usr/lib/python3/dist-packages/colcon_core/task/python/colcon_distutils_commands:/home/james/realsense_ws/install/realsense/lib/python3.10/site-packages:${PYTHONPATH} /usr/bin/python3 -W ignore:setup.py install is deprecated setup.py egg_info --egg-base ../../build/realsense build --build-base /home/james/realsense_ws/build/realsense/build install --record /home/james/realsense_ws/build/realsense/install.log --single-version-externally-managed install_data
